[ 2012-10-10T08:06:47+08:00 ] 127.0.0.1 /cbox/index.php/admin/Member/index
INFO: [ route_check ] --START--
INFO: Run CheckRoute Behavior [ RunTime:0.002404s ]
INFO: [ route_check ] --END-- [ RunTime:0.002497s ]

[ 2012-10-10T08:06:47+08:00 ] 127.0.0.1 /cbox/index.php/admin/Member/getdata
INFO: [ route_check ] --START--
INFO: Run CheckRoute Behavior [ RunTime:0.002070s ]
INFO: [ route_check ] --END-- [ RunTime:0.002163s ]
INFO: [ app_begin ] --START--
INFO: Run ReadHtmlCache Behavior [ RunTime:-0.002908s ]
INFO: [ app_begin ] --END-- [ RunTime:0.001669s ]
SQL: SHOW COLUMNS FROM `members` [ RunTime:0.004994s ]
SQL: SELECT COUNT(*) AS tp_count FROM `members` LIMIT 1   [ RunTime:0.000460s ]
SQL: SELECT * FROM `members` LIMIT 0,10   [ RunTime:0.000444s ]

[ 2012-10-10T08:06:51+08:00 ] 127.0.0.1 /cbox/index.php/admin/
INFO: [ route_check ] --START--
INFO: Run CheckRoute Behavior [ RunTime:0.001987s ]
INFO: [ route_check ] --END-- [ RunTime:0.002085s ]

[ 2012-10-10T08:06:52+08:00 ] ERR: (ThinkException) 无法加载模块:index
[ 2012-10-10T08:06:54+08:00 ] ERR: (ThinkException) 无法加载模块:i
[ 2012-10-10T08:06:54+08:00 ] 127.0.0.1 /cbox/index.php/admin/
INFO: [ route_check ] --START--
INFO: Run CheckRoute Behavior [ RunTime:0.001649s ]
INFO: [ route_check ] --END-- [ RunTime:0.001737s ]

[ 2012-10-10T08:06:54+08:00 ] ERR: (ThinkException) 无法加载模块:I
[ 2012-10-10T08:06:55+08:00 ] ERR: (ThinkException) 无法加载模块:Inde
[ 2012-10-10T08:06:56+08:00 ] ERR: (ThinkException) 无法加载模块:Inde
[ 2012-10-10T08:06:56+08:00 ] ERR: (ThinkException) 无法加载模块:Inde
[ 2012-10-10T08:06:57+08:00 ] 127.0.0.1 /cbox/index.php/admin/Index/
INFO: [ route_check ] --START--
INFO: Run CheckRoute Behavior [ RunTime:0.001559s ]
INFO: [ route_check ] --END-- [ RunTime:0.001646s ]

[ 2012-10-10T08:06:58+08:00 ] 127.0.0.1 /cbox/index.php/admin/Index/main
INFO: [ route_check ] --START--
INFO: Run CheckRoute Behavior [ RunTime:0.002366s ]
INFO: [ route_check ] --END-- [ RunTime:0.002566s ]

[ 2012-10-10T08:06:58+08:00 ] 127.0.0.1 /cbox/index.php/admin/Index/main
INFO: [ route_check ] --START--
INFO: Run CheckRoute Behavior [ RunTime:0.002595s ]
INFO: [ route_check ] --END-- [ RunTime:0.002728s ]

[ 2012-10-10T08:06:58+08:00 ] 127.0.0.1 /cbox/index.php/admin/Index/top/
INFO: [ route_check ] --START--
INFO: Run CheckRoute Behavior [ RunTime:0.000972s ]
INFO: [ route_check ] --END-- [ RunTime:0.001058s ]

[ 2012-10-10T08:06:58+08:00 ] 127.0.0.1 /cbox/index.php/admin/Index/welcome
INFO: [ route_check ] --START--
INFO: Run CheckRoute Behavior [ RunTime:0.002084s ]
INFO: [ route_check ] --END-- [ RunTime:0.002174s ]

[ 2012-10-10T08:06:59+08:00 ] 127.0.0.1 /cbox/index.php/admin/Index/left/
INFO: [ route_check ] --START--
INFO: Run CheckRoute Behavior [ RunTime:0.002529s ]
INFO: [ route_check ] --END-- [ RunTime:0.002614s ]

[ 2012-10-10T08:07:00+08:00 ] 127.0.0.1 /cbox/index.php/admin/Member/index
INFO: [ route_check ] --START--
INFO: Run CheckRoute Behavior [ RunTime:0.001898s ]
INFO: [ route_check ] --END-- [ RunTime:0.001995s ]

[ 2012-10-10T08:07:00+08:00 ] 127.0.0.1 /cbox/index.php/admin/Member/getdata
INFO: [ route_check ] --START--
INFO: Run CheckRoute Behavior [ RunTime:0.001628s ]
INFO: [ route_check ] --END-- [ RunTime:0.001757s ]
INFO: [ app_begin ] --START--
INFO: Run ReadHtmlCache Behavior [ RunTime:-0.002980s ]
INFO: [ app_begin ] --END-- [ RunTime:0.001536s ]
SQL: SHOW COLUMNS FROM `members` [ RunTime:0.004166s ]
SQL: SELECT COUNT(*) AS tp_count FROM `members` LIMIT 1   [ RunTime:0.000573s ]
SQL: SELECT * FROM `members` LIMIT 0,10   [ RunTime:0.000428s ]

[ 2012-10-10T08:07:15+08:00 ] ERR: (ThinkException) 模板不存在[C:/Program Files/wamp/www/CBox/Tpl/admin/Card/index.html]
[ 2012-10-10T08:07:15+08:00 ] 127.0.0.1 /cbox/index.php/admin/Card/index
INFO: [ route_check ] --START--
INFO: Run CheckRoute Behavior [ RunTime:0.001629s ]
INFO: [ route_check ] --END-- [ RunTime:0.001734s ]

[ 2012-10-10T08:07:18+08:00 ] ERR: (ThinkException) 模板不存在[C:/Program Files/wamp/www/CBox/Tpl/admin/Message/index.html]
[ 2012-10-10T08:07:18+08:00 ] 127.0.0.1 /cbox/index.php/admin/Message/index
INFO: [ route_check ] --START--
INFO: Run CheckRoute Behavior [ RunTime:0.001149s ]
INFO: [ route_check ] --END-- [ RunTime:0.001251s ]

[ 2012-10-10T08:07:20+08:00 ] ERR: (ThinkException) 模板不存在[C:/Program Files/wamp/www/CBox/Tpl/admin/Card/index.html]
[ 2012-10-10T08:07:20+08:00 ] 127.0.0.1 /cbox/index.php/admin/Card/index
INFO: [ route_check ] --START--
INFO: Run CheckRoute Behavior [ RunTime:0.001084s ]
INFO: [ route_check ] --END-- [ RunTime:0.001183s ]

[ 2012-10-10T08:07:21+08:00 ] 127.0.0.1 /cbox/index.php/admin/Member/index
INFO: [ route_check ] --START--
INFO: Run CheckRoute Behavior [ RunTime:0.001398s ]
INFO: [ route_check ] --END-- [ RunTime:0.001536s ]

[ 2012-10-10T08:07:21+08:00 ] 127.0.0.1 /cbox/index.php/admin/Member/getdata
INFO: [ route_check ] --START--
INFO: Run CheckRoute Behavior [ RunTime:0.000979s ]
INFO: [ route_check ] --END-- [ RunTime:0.001070s ]
INFO: [ app_begin ] --START--
INFO: Run ReadHtmlCache Behavior [ RunTime:-0.001026s ]
INFO: [ app_begin ] --END-- [ RunTime:0.000829s ]
SQL: SHOW COLUMNS FROM `members` [ RunTime:0.003983s ]
SQL: SELECT COUNT(*) AS tp_count FROM `members` LIMIT 1   [ RunTime:0.000276s ]
SQL: SELECT * FROM `members` LIMIT 0,10   [ RunTime:0.000263s ]

[ 2012-10-10T08:23:52+08:00 ] 127.0.0.1 /cbox/index.php/admin/Administrator/index
INFO: [ route_check ] --START--
INFO: Run CheckRoute Behavior [ RunTime:0.001569s ]
INFO: [ route_check ] --END-- [ RunTime:0.001658s ]

[ 2012-10-10T08:23:52+08:00 ] ERR: (ThinkException) Table 'cbox_test.administrators' doesn't exist
 [ SQL语句 ] : SHOW COLUMNS FROM `administrators`
[ 2012-10-10T08:23:52+08:00 ] 127.0.0.1 /cbox/index.php/admin/Administrator/getdata
INFO: [ route_check ] --START--
INFO: Run CheckRoute Behavior [ RunTime:0.000981s ]
INFO: [ route_check ] --END-- [ RunTime:0.001070s ]
INFO: [ app_begin ] --START--
INFO: Run ReadHtmlCache Behavior [ RunTime:-0.001016s ]
INFO: [ app_begin ] --END-- [ RunTime:0.000818s ]
SQL: SHOW COLUMNS FROM `administrators` [ RunTime:0.004172s ]
NOTIC: [8] Undefined index: class C:\Program Files\wamp\www\CBox\ThinkPHP\Lib\Core\ThinkException.class.php 第 63 行.
NOTIC: [8] Undefined index: type C:\Program Files\wamp\www\CBox\ThinkPHP\Lib\Core\ThinkException.class.php 第 63 行.
NOTIC: [8] Undefined index: class C:\Program Files\wamp\www\CBox\ThinkPHP\Lib\Core\ThinkException.class.php 第 63 行.
NOTIC: [8] Undefined index: type C:\Program Files\wamp\www\CBox\ThinkPHP\Lib\Core\ThinkException.class.php 第 63 行.
NOTIC: [8] Undefined index: class C:\Program Files\wamp\www\CBox\ThinkPHP\Lib\Core\ThinkException.class.php 第 63 行.
NOTIC: [8] Undefined index: type C:\Program Files\wamp\www\CBox\ThinkPHP\Lib\Core\ThinkException.class.php 第 63 行.
NOTIC: [8] Undefined index: file C:\Program Files\wamp\www\CBox\ThinkPHP\Lib\Core\ThinkException.class.php 第 62 行.
NOTIC: [8] Undefined index: line C:\Program Files\wamp\www\CBox\ThinkPHP\Lib\Core\ThinkException.class.php 第 62 行.
NOTIC: [4096] Object of class AdministratorAction could not be converted to string C:\Program Files\wamp\www\CBox\ThinkPHP\Lib\Core\ThinkException.class.php 第 64 行.
NOTIC: [8] Undefined index: class C:\Program Files\wamp\www\CBox\ThinkPHP\Lib\Core\ThinkException.class.php 第 63 行.
NOTIC: [8] Undefined index: type C:\Program Files\wamp\www\CBox\ThinkPHP\Lib\Core\ThinkException.class.php 第 63 行.
NOTIC: [8] Undefined index: class C:\Program Files\wamp\www\CBox\ThinkPHP\Lib\Core\ThinkException.class.php 第 63 行.
NOTIC: [8] Undefined index: type C:\Program Files\wamp\www\CBox\ThinkPHP\Lib\Core\ThinkException.class.php 第 63 行.

[ 2012-10-10T08:23:54+08:00 ] 127.0.0.1 /cbox/index.php/admin/Setting/index
INFO: [ route_check ] --START--
INFO: Run CheckRoute Behavior [ RunTime:0.000983s ]
INFO: [ route_check ] --END-- [ RunTime:0.001070s ]

[ 2012-10-10T08:23:55+08:00 ] 127.0.0.1 /cbox/index.php/admin/Setting/getdata
INFO: [ route_check ] --START--
INFO: Run CheckRoute Behavior [ RunTime:0.001060s ]
INFO: [ route_check ] --END-- [ RunTime:0.001191s ]
INFO: [ app_begin ] --START--
INFO: Run ReadHtmlCache Behavior [ RunTime:-0.001146s ]
INFO: [ app_begin ] --END-- [ RunTime:0.000811s ]
SQL: SHOW COLUMNS FROM `settings` [ RunTime:0.004128s ]
SQL: SELECT COUNT(*) AS tp_count FROM `settings` LIMIT 1   [ RunTime:0.000365s ]
SQL: SELECT * FROM `settings` LIMIT 0,10   [ RunTime:0.000191s ]

[ 2012-10-10T08:23:56+08:00 ] 127.0.0.1 /cbox/index.php/admin/Administrator/index
INFO: [ route_check ] --START--
INFO: Run CheckRoute Behavior [ RunTime:0.000981s ]
INFO: [ route_check ] --END-- [ RunTime:0.001067s ]

[ 2012-10-10T08:23:56+08:00 ] ERR: (ThinkException) Table 'cbox_test.administrators' doesn't exist
 [ SQL语句 ] : SHOW COLUMNS FROM `administrators`
[ 2012-10-10T08:23:56+08:00 ] 127.0.0.1 /cbox/index.php/admin/Administrator/getdata
INFO: [ route_check ] --START--
INFO: Run CheckRoute Behavior [ RunTime:0.001249s ]
INFO: [ route_check ] --END-- [ RunTime:0.001347s ]
INFO: [ app_begin ] --START--
INFO: Run ReadHtmlCache Behavior [ RunTime:-0.001180s ]
INFO: [ app_begin ] --END-- [ RunTime:0.000843s ]
SQL: SHOW COLUMNS FROM `administrators` [ RunTime:0.004468s ]
NOTIC: [8] Undefined index: class C:\Program Files\wamp\www\CBox\ThinkPHP\Lib\Core\ThinkException.class.php 第 63 行.
NOTIC: [8] Undefined index: type C:\Program Files\wamp\www\CBox\ThinkPHP\Lib\Core\ThinkException.class.php 第 63 行.
NOTIC: [8] Undefined index: class C:\Program Files\wamp\www\CBox\ThinkPHP\Lib\Core\ThinkException.class.php 第 63 行.
NOTIC: [8] Undefined index: type C:\Program Files\wamp\www\CBox\ThinkPHP\Lib\Core\ThinkException.class.php 第 63 行.
NOTIC: [8] Undefined index: class C:\Program Files\wamp\www\CBox\ThinkPHP\Lib\Core\ThinkException.class.php 第 63 行.
NOTIC: [8] Undefined index: type C:\Program Files\wamp\www\CBox\ThinkPHP\Lib\Core\ThinkException.class.php 第 63 行.
NOTIC: [8] Undefined index: file C:\Program Files\wamp\www\CBox\ThinkPHP\Lib\Core\ThinkException.class.php 第 62 行.
NOTIC: [8] Undefined index: line C:\Program Files\wamp\www\CBox\ThinkPHP\Lib\Core\ThinkException.class.php 第 62 行.
NOTIC: [4096] Object of class AdministratorAction could not be converted to string C:\Program Files\wamp\www\CBox\ThinkPHP\Lib\Core\ThinkException.class.php 第 64 行.
NOTIC: [8] Undefined index: class C:\Program Files\wamp\www\CBox\ThinkPHP\Lib\Core\ThinkException.class.php 第 63 行.
NOTIC: [8] Undefined index: type C:\Program Files\wamp\www\CBox\ThinkPHP\Lib\Core\ThinkException.class.php 第 63 行.
NOTIC: [8] Undefined index: class C:\Program Files\wamp\www\CBox\ThinkPHP\Lib\Core\ThinkException.class.php 第 63 行.
NOTIC: [8] Undefined index: type C:\Program Files\wamp\www\CBox\ThinkPHP\Lib\Core\ThinkException.class.php 第 63 行.

[ 2012-10-10T08:24:05+08:00 ] 127.0.0.1 /cbox/index.php/admin/Administrator/add/
INFO: [ route_check ] --START--
INFO: Run CheckRoute Behavior [ RunTime:0.002734s ]
INFO: [ route_check ] --END-- [ RunTime:0.002850s ]

[ 2012-10-10T08:24:11+08:00 ] 127.0.0.1 /cbox/index.php/admin/Administrator/index
INFO: [ route_check ] --START--
INFO: Run CheckRoute Behavior [ RunTime:0.002672s ]
INFO: [ route_check ] --END-- [ RunTime:0.002807s ]

[ 2012-10-10T08:24:11+08:00 ] ERR: (ThinkException) Table 'cbox_test.administrators' doesn't exist
 [ SQL语句 ] : SHOW COLUMNS FROM `administrators`
[ 2012-10-10T08:24:11+08:00 ] 127.0.0.1 /cbox/index.php/admin/Administrator/getdata
INFO: [ route_check ] --START--
INFO: Run CheckRoute Behavior [ RunTime:0.001267s ]
INFO: [ route_check ] --END-- [ RunTime:0.001356s ]
INFO: [ app_begin ] --START--
INFO: Run ReadHtmlCache Behavior [ RunTime:-0.002238s ]
INFO: [ app_begin ] --END-- [ RunTime:0.001390s ]
SQL: SHOW COLUMNS FROM `administrators` [ RunTime:0.004181s ]
NOTIC: [8] Undefined index: class C:\Program Files\wamp\www\CBox\ThinkPHP\Lib\Core\ThinkException.class.php 第 63 行.
NOTIC: [8] Undefined index: type C:\Program Files\wamp\www\CBox\ThinkPHP\Lib\Core\ThinkException.class.php 第 63 行.
NOTIC: [8] Undefined index: class C:\Program Files\wamp\www\CBox\ThinkPHP\Lib\Core\ThinkException.class.php 第 63 行.
NOTIC: [8] Undefined index: type C:\Program Files\wamp\www\CBox\ThinkPHP\Lib\Core\ThinkException.class.php 第 63 行.
NOTIC: [8] Undefined index: class C:\Program Files\wamp\www\CBox\ThinkPHP\Lib\Core\ThinkException.class.php 第 63 行.
NOTIC: [8] Undefined index: type C:\Program Files\wamp\www\CBox\ThinkPHP\Lib\Core\ThinkException.class.php 第 63 行.
NOTIC: [8] Undefined index: file C:\Program Files\wamp\www\CBox\ThinkPHP\Lib\Core\ThinkException.class.php 第 62 行.
NOTIC: [8] Undefined index: line C:\Program Files\wamp\www\CBox\ThinkPHP\Lib\Core\ThinkException.class.php 第 62 行.
NOTIC: [4096] Object of class AdministratorAction could not be converted to string C:\Program Files\wamp\www\CBox\ThinkPHP\Lib\Core\ThinkException.class.php 第 64 行.
NOTIC: [8] Undefined index: class C:\Program Files\wamp\www\CBox\ThinkPHP\Lib\Core\ThinkException.class.php 第 63 行.
NOTIC: [8] Undefined index: type C:\Program Files\wamp\www\CBox\ThinkPHP\Lib\Core\ThinkException.class.php 第 63 行.
NOTIC: [8] Undefined index: class C:\Program Files\wamp\www\CBox\ThinkPHP\Lib\Core\ThinkException.class.php 第 63 行.
NOTIC: [8] Undefined index: type C:\Program Files\wamp\www\CBox\ThinkPHP\Lib\Core\ThinkException.class.php 第 63 行.

[ 2012-10-10T08:24:26+08:00 ] 127.0.0.1 /cbox/index.php/admin/Administrator/add/
INFO: [ route_check ] --START--
INFO: Run CheckRoute Behavior [ RunTime:0.001219s ]
INFO: [ route_check ] --END-- [ RunTime:0.001321s ]

[ 2012-10-10T08:36:08+08:00 ] ERR: [4] parse error, expecting `')'' C:\Program Files\wamp\www\CBox\Lib\Model\AdministratorsModel.class.php 第 18 行.
[ 2012-10-10T08:36:08+08:00 ] 127.0.0.1 /cbox/index.php/admin/Administrator/create/
INFO: [ route_check ] --START--
INFO: Run CheckRoute Behavior [ RunTime:0.002336s ]
INFO: [ route_check ] --END-- [ RunTime:0.002446s ]

[ 2012-10-10T08:36:23+08:00 ] 127.0.0.1 /cbox/index.php/admin/Administrator/create/
INFO: [ route_check ] --START--
INFO: Run CheckRoute Behavior [ RunTime:0.002260s ]
INFO: [ route_check ] --END-- [ RunTime:0.002355s ]

[ 2012-10-10T08:36:26+08:00 ] 127.0.0.1 /cbox/index.php/admin/Administrator/index
INFO: [ route_check ] --START--
INFO: Run CheckRoute Behavior [ RunTime:0.001419s ]
INFO: [ route_check ] --END-- [ RunTime:0.001515s ]

[ 2012-10-10T08:36:26+08:00 ] 127.0.0.1 /cbox/index.php/admin/Administrator/getdata
INFO: [ route_check ] --START--
INFO: Run CheckRoute Behavior [ RunTime:0.001319s ]
INFO: [ route_check ] --END-- [ RunTime:0.001411s ]
INFO: [ app_begin ] --START--
INFO: Run ReadHtmlCache Behavior [ RunTime:-0.002727s ]
INFO: [ app_begin ] --END-- [ RunTime:0.001459s ]
SQL: SHOW COLUMNS FROM `administrators` [ RunTime:0.003827s ]
SQL: SELECT COUNT(*) AS tp_count FROM `administrators` LIMIT 1   [ RunTime:0.000355s ]
SQL: SELECT * FROM `administrators` LIMIT 0,10   [ RunTime:0.000315s ]

[ 2012-10-10T08:37:21+08:00 ] 127.0.0.1 /cbox/index.php/admin/Administrator/edit/id/1
INFO: [ route_check ] --START--
INFO: Run CheckRoute Behavior [ RunTime:0.001084s ]
INFO: [ route_check ] --END-- [ RunTime:0.001175s ]

[ 2012-10-10T08:37:32+08:00 ] 127.0.0.1 /cbox/index.php/admin/Administrator/update/
INFO: [ route_check ] --START--
INFO: Run CheckRoute Behavior [ RunTime:0.001285s ]
INFO: [ route_check ] --END-- [ RunTime:0.001377s ]

[ 2012-10-10T08:37:35+08:00 ] 127.0.0.1 /cbox/index.php/admin/Administrator/index
INFO: [ route_check ] --START--
INFO: Run CheckRoute Behavior [ RunTime:0.001381s ]
INFO: [ route_check ] --END-- [ RunTime:0.001468s ]

[ 2012-10-10T08:37:35+08:00 ] 127.0.0.1 /cbox/index.php/admin/Administrator/getdata
INFO: [ route_check ] --START--
INFO: Run CheckRoute Behavior [ RunTime:0.001295s ]
INFO: [ route_check ] --END-- [ RunTime:0.001384s ]
INFO: [ app_begin ] --START--
INFO: Run ReadHtmlCache Behavior [ RunTime:-0.002571s ]
INFO: [ app_begin ] --END-- [ RunTime:0.001469s ]
SQL: SHOW COLUMNS FROM `administrators` [ RunTime:0.004935s ]
SQL: SELECT COUNT(*) AS tp_count FROM `administrators` LIMIT 1   [ RunTime:0.000438s ]
SQL: SELECT * FROM `administrators` LIMIT 0,10   [ RunTime:0.000243s ]

[ 2012-10-10T08:37:42+08:00 ] 127.0.0.1 /cbox/index.php/admin/Administrator/edit/id/1
INFO: [ route_check ] --START--
INFO: Run CheckRoute Behavior [ RunTime:0.001127s ]
INFO: [ route_check ] --END-- [ RunTime:0.001372s ]

[ 2012-10-10T08:37:47+08:00 ] 127.0.0.1 /cbox/index.php/admin/Administrator/index
INFO: [ route_check ] --START--
INFO: Run CheckRoute Behavior [ RunTime:0.001665s ]
INFO: [ route_check ] --END-- [ RunTime:0.001775s ]

[ 2012-10-10T08:37:47+08:00 ] 127.0.0.1 /cbox/index.php/admin/Administrator/getdata
INFO: [ route_check ] --START--
INFO: Run CheckRoute Behavior [ RunTime:0.000977s ]
INFO: [ route_check ] --END-- [ RunTime:0.001065s ]
INFO: [ app_begin ] --START--
INFO: Run ReadHtmlCache Behavior [ RunTime:-0.002060s ]
INFO: [ app_begin ] --END-- [ RunTime:0.001071s ]
SQL: SHOW COLUMNS FROM `administrators` [ RunTime:0.004277s ]
SQL: SELECT COUNT(*) AS tp_count FROM `administrators` LIMIT 1   [ RunTime:0.000266s ]
SQL: SELECT * FROM `administrators` LIMIT 0,10   [ RunTime:0.000221s ]

[ 2012-10-10T10:27:12+08:00 ] ERR: (ThinkException) 模板不存在[C:/Program Files/wamp/www/CBox/Tpl/admin/Card/index.html]
[ 2012-10-10T10:27:12+08:00 ] 127.0.0.1 /cbox/index.php/admin/Card/index
INFO: [ route_check ] --START--
INFO: Run CheckRoute Behavior [ RunTime:0.002163s ]
INFO: [ route_check ] --END-- [ RunTime:0.002285s ]

[ 2012-10-10T10:27:13+08:00 ] ERR: (ThinkException) 模板不存在[C:/Program Files/wamp/www/CBox/Tpl/admin/Message/index.html]
[ 2012-10-10T10:27:13+08:00 ] 127.0.0.1 /cbox/index.php/admin/Message/index
INFO: [ route_check ] --START--
INFO: Run CheckRoute Behavior [ RunTime:0.000968s ]
INFO: [ route_check ] --END-- [ RunTime:0.001056s ]

[ 2012-10-10T10:27:13+08:00 ] 127.0.0.1 /cbox/index.php/admin/Member/index
INFO: [ route_check ] --START--
INFO: Run CheckRoute Behavior [ RunTime:0.001436s ]
INFO: [ route_check ] --END-- [ RunTime:0.001556s ]

[ 2012-10-10T10:27:13+08:00 ] 127.0.0.1 /cbox/index.php/admin/Member/getdata
INFO: [ route_check ] --START--
INFO: Run CheckRoute Behavior [ RunTime:0.001044s ]
INFO: [ route_check ] --END-- [ RunTime:0.001139s ]
INFO: [ app_begin ] --START--
INFO: Run ReadHtmlCache Behavior [ RunTime:-0.001082s ]
INFO: [ app_begin ] --END-- [ RunTime:0.000910s ]
SQL: SHOW COLUMNS FROM `members` [ RunTime:0.005378s ]
SQL: SELECT COUNT(*) AS tp_count FROM `members` LIMIT 1   [ RunTime:0.000339s ]
SQL: SELECT * FROM `members` LIMIT 0,10   [ RunTime:0.000286s ]

[ 2012-10-10T10:27:14+08:00 ] 127.0.0.1 /cbox/index.php/admin/Setting/index
INFO: [ route_check ] --START--
INFO: Run CheckRoute Behavior [ RunTime:0.001225s ]
INFO: [ route_check ] --END-- [ RunTime:0.001327s ]

[ 2012-10-10T10:27:14+08:00 ] 127.0.0.1 /cbox/index.php/admin/Setting/getdata
INFO: [ route_check ] --START--
INFO: Run CheckRoute Behavior [ RunTime:0.001164s ]
INFO: [ route_check ] --END-- [ RunTime:0.001266s ]
INFO: [ app_begin ] --START--
INFO: Run ReadHtmlCache Behavior [ RunTime:-0.001138s ]
INFO: [ app_begin ] --END-- [ RunTime:0.000845s ]
SQL: SHOW COLUMNS FROM `settings` [ RunTime:0.004149s ]
SQL: SELECT COUNT(*) AS tp_count FROM `settings` LIMIT 1   [ RunTime:0.000340s ]
SQL: SELECT * FROM `settings` LIMIT 0,10   [ RunTime:0.000186s ]

[ 2012-10-10T10:27:15+08:00 ] 127.0.0.1 /cbox/index.php/admin/Administrator/index
INFO: [ route_check ] --START--
INFO: Run CheckRoute Behavior [ RunTime:0.001482s ]
INFO: [ route_check ] --END-- [ RunTime:0.001607s ]

[ 2012-10-10T10:27:15+08:00 ] 127.0.0.1 /cbox/index.php/admin/Administrator/getdata
INFO: [ route_check ] --START--
INFO: Run CheckRoute Behavior [ RunTime:0.000973s ]
INFO: [ route_check ] --END-- [ RunTime:0.001061s ]
INFO: [ app_begin ] --START--
INFO: Run ReadHtmlCache Behavior [ RunTime:-0.001110s ]
INFO: [ app_begin ] --END-- [ RunTime:0.000796s ]
SQL: SHOW COLUMNS FROM `administrators` [ RunTime:0.004766s ]
SQL: SELECT COUNT(*) AS tp_count FROM `administrators` LIMIT 1   [ RunTime:0.000246s ]
SQL: SELECT * FROM `administrators` LIMIT 0,10   [ RunTime:0.000220s ]

[ 2012-10-10T10:31:04+08:00 ] 127.0.0.1 /cbox/index.php/admin/Member/index
INFO: [ route_check ] --START--
INFO: Run CheckRoute Behavior [ RunTime:0.002283s ]
INFO: [ route_check ] --END-- [ RunTime:0.002397s ]

[ 2012-10-10T10:31:04+08:00 ] 127.0.0.1 /cbox/index.php/admin/Member/getdata
INFO: [ route_check ] --START--
INFO: Run CheckRoute Behavior [ RunTime:0.001221s ]
INFO: [ route_check ] --END-- [ RunTime:0.001329s ]
INFO: [ app_begin ] --START--
INFO: Run ReadHtmlCache Behavior [ RunTime:-0.001198s ]
INFO: [ app_begin ] --END-- [ RunTime:0.000834s ]
SQL: SHOW COLUMNS FROM `members` [ RunTime:0.004155s ]
SQL: SELECT COUNT(*) AS tp_count FROM `members` LIMIT 1   [ RunTime:0.000275s ]
SQL: SELECT * FROM `members` LIMIT 0,10   [ RunTime:0.000268s ]

[ 2012-10-10T10:31:05+08:00 ] 127.0.0.1 /cbox/index.php/admin/Member/index
INFO: [ route_check ] --START--
INFO: Run CheckRoute Behavior [ RunTime:0.001449s ]
INFO: [ route_check ] --END-- [ RunTime:0.001566s ]

[ 2012-10-10T10:31:05+08:00 ] 127.0.0.1 /cbox/index.php/admin/Member/getdata
INFO: [ route_check ] --START--
INFO: Run CheckRoute Behavior [ RunTime:0.001041s ]
INFO: [ route_check ] --END-- [ RunTime:0.001136s ]
INFO: [ app_begin ] --START--
INFO: Run ReadHtmlCache Behavior [ RunTime:-0.001129s ]
INFO: [ app_begin ] --END-- [ RunTime:0.000865s ]
SQL: SHOW COLUMNS FROM `members` [ RunTime:0.004012s ]
SQL: SELECT COUNT(*) AS tp_count FROM `members` LIMIT 1   [ RunTime:0.000322s ]
SQL: SELECT * FROM `members` LIMIT 0,10   [ RunTime:0.000314s ]

[ 2012-10-10T10:31:06+08:00 ] ERR: (ThinkException) 模板不存在[C:/Program Files/wamp/www/CBox/Tpl/admin/Card/index.html]
[ 2012-10-10T10:31:06+08:00 ] 127.0.0.1 /cbox/index.php/admin/Card/index
INFO: [ route_check ] --START--
INFO: Run CheckRoute Behavior [ RunTime:0.001070s ]
INFO: [ route_check ] --END-- [ RunTime:0.001162s ]

[ 2012-10-10T10:31:06+08:00 ] 127.0.0.1 /cbox/index.php/admin/Member/index
INFO: [ route_check ] --START--
INFO: Run CheckRoute Behavior [ RunTime:0.001017s ]
INFO: [ route_check ] --END-- [ RunTime:0.001107s ]

[ 2012-10-10T10:31:06+08:00 ] 127.0.0.1 /cbox/index.php/admin/Member/getdata
INFO: [ route_check ] --START--
INFO: Run CheckRoute Behavior [ RunTime:0.001258s ]
INFO: [ route_check ] --END-- [ RunTime:0.001355s ]
INFO: [ app_begin ] --START--
INFO: Run ReadHtmlCache Behavior [ RunTime:-0.001174s ]
INFO: [ app_begin ] --END-- [ RunTime:0.001246s ]
SQL: SHOW COLUMNS FROM `members` [ RunTime:0.004312s ]
SQL: SELECT COUNT(*) AS tp_count FROM `members` LIMIT 1   [ RunTime:0.000251s ]
SQL: SELECT * FROM `members` LIMIT 0,10   [ RunTime:0.000257s ]

[ 2012-10-10T10:39:09+08:00 ] 127.0.0.1 /cbox/index.php/admin/Member/index
INFO: [ route_check ] --START--
INFO: Run CheckRoute Behavior [ RunTime:0.001582s ]
INFO: [ route_check ] --END-- [ RunTime:0.001670s ]

[ 2012-10-10T10:39:56+08:00 ] 127.0.0.1 /cbox/index.php/admin/Member/index
INFO: [ route_check ] --START--
INFO: Run CheckRoute Behavior [ RunTime:0.001554s ]
INFO: [ route_check ] --END-- [ RunTime:0.001643s ]

[ 2012-10-10T10:39:56+08:00 ] 127.0.0.1 /cbox/index.php/admin/Member/getdata
INFO: [ route_check ] --START--
INFO: Run CheckRoute Behavior [ RunTime:0.000972s ]
INFO: [ route_check ] --END-- [ RunTime:0.001061s ]
INFO: [ app_begin ] --START--
INFO: Run ReadHtmlCache Behavior [ RunTime:-0.001035s ]
INFO: [ app_begin ] --END-- [ RunTime:0.000969s ]
SQL: SHOW COLUMNS FROM `members` [ RunTime:0.004054s ]
SQL: SELECT COUNT(*) AS tp_count FROM `members` LIMIT 1   [ RunTime:0.000560s ]
SQL: SELECT * FROM `members` LIMIT 0,10   [ RunTime:0.000376s ]

[ 2012-10-10T10:42:00+08:00 ] 127.0.0.1 /cbox/index.php/admin/Setting/index
INFO: [ route_check ] --START--
INFO: Run CheckRoute Behavior [ RunTime:0.001632s ]
INFO: [ route_check ] --END-- [ RunTime:0.001723s ]

[ 2012-10-10T10:42:00+08:00 ] 127.0.0.1 /cbox/index.php/admin/Setting/getdata
INFO: [ route_check ] --START--
INFO: Run CheckRoute Behavior [ RunTime:0.001350s ]
INFO: [ route_check ] --END-- [ RunTime:0.001473s ]
INFO: [ app_begin ] --START--
INFO: Run ReadHtmlCache Behavior [ RunTime:-0.001295s ]
INFO: [ app_begin ] --END-- [ RunTime:0.000858s ]
SQL: SHOW COLUMNS FROM `settings` [ RunTime:0.005211s ]
SQL: SELECT COUNT(*) AS tp_count FROM `settings` LIMIT 1   [ RunTime:0.000483s ]
SQL: SELECT * FROM `settings` LIMIT 0,10   [ RunTime:0.000262s ]

[ 2012-10-10T10:42:01+08:00 ] 127.0.0.1 /cbox/index.php/admin/Administrator/index
INFO: [ route_check ] --START--
INFO: Run CheckRoute Behavior [ RunTime:0.001151s ]
INFO: [ route_check ] --END-- [ RunTime:0.001247s ]

[ 2012-10-10T10:42:01+08:00 ] 127.0.0.1 /cbox/index.php/admin/Administrator/getdata
INFO: [ route_check ] --START--
INFO: Run CheckRoute Behavior [ RunTime:0.001131s ]
INFO: [ route_check ] --END-- [ RunTime:0.001234s ]
INFO: [ app_begin ] --START--
INFO: Run ReadHtmlCache Behavior [ RunTime:-0.001076s ]
INFO: [ app_begin ] --END-- [ RunTime:0.000788s ]
SQL: SHOW COLUMNS FROM `administrators` [ RunTime:0.005483s ]
SQL: SELECT COUNT(*) AS tp_count FROM `administrators` LIMIT 1   [ RunTime:0.000374s ]
SQL: SELECT * FROM `administrators` LIMIT 0,10   [ RunTime:0.000245s ]

[ 2012-10-10T10:42:02+08:00 ] 127.0.0.1 /cbox/index.php/admin/Setting/index
INFO: [ route_check ] --START--
INFO: Run CheckRoute Behavior [ RunTime:0.001140s ]
INFO: [ route_check ] --END-- [ RunTime:0.001237s ]

[ 2012-10-10T10:42:02+08:00 ] 127.0.0.1 /cbox/index.php/admin/Setting/getdata
INFO: [ route_check ] --START--
INFO: Run CheckRoute Behavior [ RunTime:0.001061s ]
INFO: [ route_check ] --END-- [ RunTime:0.001318s ]
INFO: [ app_begin ] --START--
INFO: Run ReadHtmlCache Behavior [ RunTime:-0.001416s ]
INFO: [ app_begin ] --END-- [ RunTime:0.000968s ]
SQL: SHOW COLUMNS FROM `settings` [ RunTime:0.003834s ]
SQL: SELECT COUNT(*) AS tp_count FROM `settings` LIMIT 1   [ RunTime:0.000318s ]
SQL: SELECT * FROM `settings` LIMIT 0,10   [ RunTime:0.000191s ]

[ 2012-10-10T10:42:04+08:00 ] 127.0.0.1 /cbox/index.php/admin/Member/index
INFO: [ route_check ] --START--
INFO: Run CheckRoute Behavior [ RunTime:0.001263s ]
INFO: [ route_check ] --END-- [ RunTime:0.001387s ]

[ 2012-10-10T10:42:04+08:00 ] 127.0.0.1 /cbox/index.php/admin/Member/getdata
INFO: [ route_check ] --START--
INFO: Run CheckRoute Behavior [ RunTime:0.001206s ]
INFO: [ route_check ] --END-- [ RunTime:0.001320s ]
INFO: [ app_begin ] --START--
INFO: Run ReadHtmlCache Behavior [ RunTime:-0.001151s ]
INFO: [ app_begin ] --END-- [ RunTime:0.000841s ]
SQL: SHOW COLUMNS FROM `members` [ RunTime:0.005143s ]
SQL: SELECT COUNT(*) AS tp_count FROM `members` LIMIT 1   [ RunTime:0.000364s ]
SQL: SELECT * FROM `members` LIMIT 0,10   [ RunTime:0.000354s ]

[ 2012-10-10T10:42:21+08:00 ] 127.0.0.1 /cbox/index.php/admin/Setting/index
INFO: [ route_check ] --START--
INFO: Run CheckRoute Behavior [ RunTime:0.001546s ]
INFO: [ route_check ] --END-- [ RunTime:0.001638s ]

[ 2012-10-10T10:42:22+08:00 ] 127.0.0.1 /cbox/index.php/admin/Setting/getdata
INFO: [ route_check ] --START--
INFO: Run CheckRoute Behavior [ RunTime:0.001063s ]
INFO: [ route_check ] --END-- [ RunTime:0.001173s ]
INFO: [ app_begin ] --START--
INFO: Run ReadHtmlCache Behavior [ RunTime:-0.001116s ]
INFO: [ app_begin ] --END-- [ RunTime:0.000840s ]
SQL: SHOW COLUMNS FROM `settings` [ RunTime:0.003551s ]
SQL: SELECT COUNT(*) AS tp_count FROM `settings` LIMIT 1   [ RunTime:0.000390s ]
SQL: SELECT * FROM `settings` LIMIT 0,10   [ RunTime:0.000188s ]

[ 2012-10-10T10:44:14+08:00 ] 127.0.0.1 /cbox/index.php/admin/Setting/index
INFO: [ route_check ] --START--
INFO: Run CheckRoute Behavior [ RunTime:0.001730s ]
INFO: [ route_check ] --END-- [ RunTime:0.001822s ]

[ 2012-10-10T10:44:14+08:00 ] 127.0.0.1 /cbox/index.php/admin/Setting/getdata
INFO: [ route_check ] --START--
INFO: Run CheckRoute Behavior [ RunTime:0.001196s ]
INFO: [ route_check ] --END-- [ RunTime:0.001289s ]
INFO: [ app_begin ] --START--
INFO: Run ReadHtmlCache Behavior [ RunTime:-0.001094s ]
INFO: [ app_begin ] --END-- [ RunTime:0.000831s ]
SQL: SHOW COLUMNS FROM `settings` [ RunTime:0.004094s ]
SQL: SELECT COUNT(*) AS tp_count FROM `settings` LIMIT 1   [ RunTime:0.000457s ]
SQL: SELECT * FROM `settings` LIMIT 0,10   [ RunTime:0.000314s ]

[ 2012-10-10T10:44:15+08:00 ] 127.0.0.1 /cbox/index.php/admin/Administrator/index
INFO: [ route_check ] --START--
INFO: Run CheckRoute Behavior [ RunTime:0.000991s ]
INFO: [ route_check ] --END-- [ RunTime:0.001080s ]

[ 2012-10-10T10:44:15+08:00 ] 127.0.0.1 /cbox/index.php/admin/Administrator/getdata
INFO: [ route_check ] --START--
INFO: Run CheckRoute Behavior [ RunTime:0.001329s ]
INFO: [ route_check ] --END-- [ RunTime:0.001432s ]
INFO: [ app_begin ] --START--
INFO: Run ReadHtmlCache Behavior [ RunTime:-0.001161s ]
INFO: [ app_begin ] --END-- [ RunTime:0.001670s ]
SQL: SHOW COLUMNS FROM `administrators` [ RunTime:0.005780s ]
SQL: SELECT COUNT(*) AS tp_count FROM `administrators` LIMIT 1   [ RunTime:0.000453s ]
SQL: SELECT * FROM `administrators` LIMIT 0,10   [ RunTime:0.000320s ]

[ 2012-10-10T10:44:16+08:00 ] 127.0.0.1 /cbox/index.php/admin/Member/index
INFO: [ route_check ] --START--
INFO: Run CheckRoute Behavior [ RunTime:0.001265s ]
INFO: [ route_check ] --END-- [ RunTime:0.001360s ]

[ 2012-10-10T10:44:16+08:00 ] 127.0.0.1 /cbox/index.php/admin/Member/getdata
INFO: [ route_check ] --START--
INFO: Run CheckRoute Behavior [ RunTime:0.001063s ]
INFO: [ route_check ] --END-- [ RunTime:0.001161s ]
INFO: [ app_begin ] --START--
INFO: Run ReadHtmlCache Behavior [ RunTime:-0.001098s ]
INFO: [ app_begin ] --END-- [ RunTime:0.000817s ]
SQL: SHOW COLUMNS FROM `members` [ RunTime:0.004017s ]
SQL: SELECT COUNT(*) AS tp_count FROM `members` LIMIT 1   [ RunTime:0.000382s ]
SQL: SELECT * FROM `members` LIMIT 0,10   [ RunTime:0.000281s ]

[ 2012-10-10T11:47:05+08:00 ] 127.0.0.1 /cbox/index.php/admin/Member/index
INFO: [ route_check ] --START--
INFO: Run CheckRoute Behavior [ RunTime:0.001841s ]
INFO: [ route_check ] --END-- [ RunTime:0.001935s ]

[ 2012-10-10T11:47:05+08:00 ] 127.0.0.1 /cbox/index.php/admin/Member/getdata
INFO: [ route_check ] --START--
INFO: Run CheckRoute Behavior [ RunTime:0.001017s ]
INFO: [ route_check ] --END-- [ RunTime:0.001116s ]
INFO: [ app_begin ] --START--
INFO: Run ReadHtmlCache Behavior [ RunTime:-0.001085s ]
INFO: [ app_begin ] --END-- [ RunTime:0.000966s ]
SQL: SHOW COLUMNS FROM `members` [ RunTime:0.005713s ]
SQL: SELECT COUNT(*) AS tp_count FROM `members` LIMIT 1   [ RunTime:0.000262s ]
SQL: SELECT * FROM `members` LIMIT 0,10   [ RunTime:0.000300s ]

[ 2012-10-10T11:47:07+08:00 ] 127.0.0.1 /cbox/index.php/admin/Member/look/id/2
INFO: [ route_check ] --START--
INFO: Run CheckRoute Behavior [ RunTime:0.001140s ]
INFO: [ route_check ] --END-- [ RunTime:0.001240s ]

[ 2012-10-10T11:47:07+08:00 ] 127.0.0.1 /cbox/index.php/admin/Member/getFriends/id/2
INFO: [ route_check ] --START--
INFO: Run CheckRoute Behavior [ RunTime:0.001036s ]
INFO: [ route_check ] --END-- [ RunTime:0.001133s ]
INFO: [ app_begin ] --START--
INFO: Run ReadHtmlCache Behavior [ RunTime:-0.001216s ]
INFO: [ app_begin ] --END-- [ RunTime:0.000846s ]
SQL: SHOW COLUMNS FROM `members` [ RunTime:0.004129s ]
SQL: SELECT COUNT(*) AS tp_count FROM `members` LIMIT 1   [ RunTime:0.000237s ]
SQL: SELECT * FROM `members` LIMIT 0,10   [ RunTime:0.000311s ]
NOTIC: [8] Undefined index: SELECT * FROM members WHERE id in ( SELECT member_id,firend_id FROM membership WHERE  member_id = 2 or friend_id = 2 C:\Program Files\wamp\www\CBox\Lib\Util\Flexigrid.class.php 第 42 行.
NOTIC: [8] Undefined index: SELECT * FROM members WHERE id in ( SELECT member_id,firend_id FROM membership WHERE  member_id = 2 or friend_id = 2 C:\Program Files\wamp\www\CBox\Lib\Util\Flexigrid.class.php 第 42 行.
NOTIC: [8] Undefined index: SELECT * FROM members WHERE id in ( SELECT member_id,firend_id FROM membership WHERE  member_id = 2 or friend_id = 2 C:\Program Files\wamp\www\CBox\Lib\Util\Flexigrid.class.php 第 42 行.

[ 2012-10-10T11:47:34+08:00 ] 127.0.0.1 /cbox/index.php/admin/Index/main
INFO: [ route_check ] --START--
INFO: Run CheckRoute Behavior [ RunTime:0.001776s ]
INFO: [ route_check ] --END-- [ RunTime:0.001885s ]

[ 2012-10-10T11:47:34+08:00 ] 127.0.0.1 /cbox/index.php/admin/Index/left/
INFO: [ route_check ] --START--
INFO: Run CheckRoute Behavior [ RunTime:0.001501s ]
INFO: [ route_check ] --END-- [ RunTime:0.001622s ]

[ 2012-10-10T11:47:34+08:00 ] 127.0.0.1 /cbox/index.php/admin/Index/welcome
INFO: [ route_check ] --START--
INFO: Run CheckRoute Behavior [ RunTime:0.002562s ]
INFO: [ route_check ] --END-- [ RunTime:0.002721s ]

[ 2012-10-10T11:47:34+08:00 ] 127.0.0.1 /cbox/index.php/admin/Index/top/
INFO: [ route_check ] --START--
INFO: Run CheckRoute Behavior [ RunTime:0.001213s ]
INFO: [ route_check ] --END-- [ RunTime:0.001329s ]

[ 2012-10-10T11:47:35+08:00 ] 127.0.0.1 /cbox/index.php/admin/Member/index
INFO: [ route_check ] --START--
INFO: Run CheckRoute Behavior [ RunTime:0.001029s ]
INFO: [ route_check ] --END-- [ RunTime:0.001115s ]

[ 2012-10-10T11:47:35+08:00 ] 127.0.0.1 /cbox/index.php/admin/Member/getdata
INFO: [ route_check ] --START--
INFO: Run CheckRoute Behavior [ RunTime:0.001142s ]
INFO: [ route_check ] --END-- [ RunTime:0.001240s ]
INFO: [ app_begin ] --START--
INFO: Run ReadHtmlCache Behavior [ RunTime:-0.001202s ]
INFO: [ app_begin ] --END-- [ RunTime:0.000829s ]
SQL: SHOW COLUMNS FROM `members` [ RunTime:0.006047s ]
SQL: SELECT COUNT(*) AS tp_count FROM `members` LIMIT 1   [ RunTime:0.000393s ]
SQL: SELECT * FROM `members` LIMIT 0,10   [ RunTime:0.000410s ]

[ 2012-10-10T11:47:36+08:00 ] 127.0.0.1 /cbox/index.php/admin/Member/look/id/1
INFO: [ route_check ] --START--
INFO: Run CheckRoute Behavior [ RunTime:0.001101s ]
INFO: [ route_check ] --END-- [ RunTime:0.001198s ]

[ 2012-10-10T11:47:36+08:00 ] 127.0.0.1 /cbox/index.php/admin/Member/getFriends/id/1
INFO: [ route_check ] --START--
INFO: Run CheckRoute Behavior [ RunTime:0.001784s ]
INFO: [ route_check ] --END-- [ RunTime:0.001944s ]
INFO: [ app_begin ] --START--
INFO: Run ReadHtmlCache Behavior [ RunTime:-0.001899s ]
INFO: [ app_begin ] --END-- [ RunTime:0.002352s ]
SQL: SHOW COLUMNS FROM `members` [ RunTime:0.006027s ]
SQL: SELECT COUNT(*) AS tp_count FROM `members` LIMIT 1   [ RunTime:0.000305s ]
SQL: SELECT * FROM `members` LIMIT 0,10   [ RunTime:0.000300s ]
NOTIC: [8] Undefined index: SELECT * FROM members WHERE id in ( SELECT member_id,firend_id FROM membership WHERE  member_id = 1 or friend_id = 1 C:\Program Files\wamp\www\CBox\Lib\Util\Flexigrid.class.php 第 42 行.
NOTIC: [8] Undefined index: SELECT * FROM members WHERE id in ( SELECT member_id,firend_id FROM membership WHERE  member_id = 1 or friend_id = 1 C:\Program Files\wamp\www\CBox\Lib\Util\Flexigrid.class.php 第 42 行.
NOTIC: [8] Undefined index: SELECT * FROM members WHERE id in ( SELECT member_id,firend_id FROM membership WHERE  member_id = 1 or friend_id = 1 C:\Program Files\wamp\www\CBox\Lib\Util\Flexigrid.class.php 第 42 行.

[ 2012-10-10T11:48:15+08:00 ] 127.0.0.1 /cbox/index.php/admin/Member/index
INFO: [ route_check ] --START--
INFO: Run CheckRoute Behavior [ RunTime:0.002144s ]
INFO: [ route_check ] --END-- [ RunTime:0.002262s ]

[ 2012-10-10T11:48:15+08:00 ] 127.0.0.1 /cbox/index.php/admin/Member/getdata
INFO: [ route_check ] --START--
INFO: Run CheckRoute Behavior [ RunTime:0.001030s ]
INFO: [ route_check ] --END-- [ RunTime:0.001122s ]
INFO: [ app_begin ] --START--
INFO: Run ReadHtmlCache Behavior [ RunTime:-0.001138s ]
INFO: [ app_begin ] --END-- [ RunTime:0.000832s ]
SQL: SHOW COLUMNS FROM `members` [ RunTime:0.004004s ]
SQL: SELECT COUNT(*) AS tp_count FROM `members` LIMIT 1   [ RunTime:0.000240s ]
SQL: SELECT * FROM `members` LIMIT 0,10   [ RunTime:0.000255s ]

[ 2012-10-10T11:48:16+08:00 ] 127.0.0.1 /cbox/index.php/admin/Member/look/id/2
INFO: [ route_check ] --START--
INFO: Run CheckRoute Behavior [ RunTime:0.001029s ]
INFO: [ route_check ] --END-- [ RunTime:0.001122s ]

[ 2012-10-10T11:48:17+08:00 ] ERR: [1] Call to undefined method Flexigrid::outputWithOpiton() C:\Program Files\wamp\www\CBox\Common\Admin\function.php 第 25 行.
[ 2012-10-10T11:48:59+08:00 ] 127.0.0.1 /cbox/index.php/admin/Member/index
INFO: [ route_check ] --START--
INFO: Run CheckRoute Behavior [ RunTime:0.001219s ]
INFO: [ route_check ] --END-- [ RunTime:0.001386s ]

[ 2012-10-10T11:48:59+08:00 ] 127.0.0.1 /cbox/index.php/admin/Member/getdata
INFO: [ route_check ] --START--
INFO: Run CheckRoute Behavior [ RunTime:0.001145s ]
INFO: [ route_check ] --END-- [ RunTime:0.001257s ]
INFO: [ app_begin ] --START--
INFO: Run ReadHtmlCache Behavior [ RunTime:-0.001165s ]
INFO: [ app_begin ] --END-- [ RunTime:0.000907s ]
SQL: SHOW COLUMNS FROM `members` [ RunTime:0.004908s ]
SQL: SELECT COUNT(*) AS tp_count FROM `members` LIMIT 1   [ RunTime:0.000364s ]
SQL: SELECT * FROM `members` LIMIT 0,10   [ RunTime:0.000311s ]

[ 2012-10-10T11:49:01+08:00 ] 127.0.0.1 /cbox/index.php/admin/Member/look/id/2
INFO: [ route_check ] --START--
INFO: Run CheckRoute Behavior [ RunTime:0.001382s ]
INFO: [ route_check ] --END-- [ RunTime:0.001495s ]

[ 2012-10-10T11:49:01+08:00 ] ERR: [1] Call to undefined method Flexigrid::outputWithOpiton() C:\Program Files\wamp\www\CBox\Common\Admin\function.php 第 25 行.
[ 2012-10-10T11:49:15+08:00 ] 127.0.0.1 /cbox/index.php/admin/Member/index
INFO: [ route_check ] --START--
INFO: Run CheckRoute Behavior [ RunTime:0.001018s ]
INFO: [ route_check ] --END-- [ RunTime:0.001114s ]

[ 2012-10-10T11:49:15+08:00 ] 127.0.0.1 /cbox/index.php/admin/Member/getdata
INFO: [ route_check ] --START--
INFO: Run CheckRoute Behavior [ RunTime:0.001009s ]
INFO: [ route_check ] --END-- [ RunTime:0.001112s ]
INFO: [ app_begin ] --START--
INFO: Run ReadHtmlCache Behavior [ RunTime:-0.001077s ]
INFO: [ app_begin ] --END-- [ RunTime:0.000790s ]
SQL: SHOW COLUMNS FROM `members` [ RunTime:0.004638s ]
SQL: SELECT COUNT(*) AS tp_count FROM `members` LIMIT 1   [ RunTime:0.000246s ]
SQL: SELECT * FROM `members` LIMIT 0,10   [ RunTime:0.000259s ]

[ 2012-10-10T11:49:16+08:00 ] 127.0.0.1 /cbox/index.php/admin/Member/look/id/2
INFO: [ route_check ] --START--
INFO: Run CheckRoute Behavior [ RunTime:0.001339s ]
INFO: [ route_check ] --END-- [ RunTime:0.001447s ]

[ 2012-10-10T11:49:16+08:00 ] ERR: [1] Call to undefined method Flexigrid::outputWithOpiton() C:\Program Files\wamp\www\CBox\Common\Admin\function.php 第 25 行.
[ 2012-10-10T11:50:51+08:00 ] 127.0.0.1 /cbox/index.php/admin/Member/index
INFO: [ route_check ] --START--
INFO: Run CheckRoute Behavior [ RunTime:0.002431s ]
INFO: [ route_check ] --END-- [ RunTime:0.002539s ]

[ 2012-10-10T11:50:52+08:00 ] 127.0.0.1 /cbox/index.php/admin/Member/getdata
INFO: [ route_check ] --START--
INFO: Run CheckRoute Behavior [ RunTime:0.001375s ]
INFO: [ route_check ] --END-- [ RunTime:0.001469s ]
INFO: [ app_begin ] --START--
INFO: Run ReadHtmlCache Behavior [ RunTime:-0.002619s ]
INFO: [ app_begin ] --END-- [ RunTime:0.001487s ]
SQL: SHOW COLUMNS FROM `members` [ RunTime:0.004100s ]
SQL: SELECT COUNT(*) AS tp_count FROM `members` LIMIT 1   [ RunTime:0.000445s ]
SQL: SELECT * FROM `members` LIMIT 0,10   [ RunTime:0.000749s ]

[ 2012-10-10T11:51:09+08:00 ] 127.0.0.1 /cbox/index.php/admin/Member/index
INFO: [ route_check ] --START--
INFO: Run CheckRoute Behavior [ RunTime:0.001582s ]
INFO: [ route_check ] --END-- [ RunTime:0.001673s ]

[ 2012-10-10T11:51:09+08:00 ] 127.0.0.1 /cbox/index.php/admin/Member/getdata
INFO: [ route_check ] --START--
INFO: Run CheckRoute Behavior [ RunTime:0.001087s ]
INFO: [ route_check ] --END-- [ RunTime:0.001189s ]
INFO: [ app_begin ] --START--
INFO: Run ReadHtmlCache Behavior [ RunTime:-0.001157s ]
INFO: [ app_begin ] --END-- [ RunTime:0.000822s ]
SQL: SHOW COLUMNS FROM `members` [ RunTime:0.007796s ]
SQL: SELECT COUNT(*) AS tp_count FROM `members` LIMIT 1   [ RunTime:0.000451s ]
SQL: SELECT * FROM `members` LIMIT 0,10   [ RunTime:0.000369s ]

[ 2012-10-10T11:51:11+08:00 ] 127.0.0.1 /cbox/index.php/admin/Member/look/id/2
INFO: [ route_check ] --START--
INFO: Run CheckRoute Behavior [ RunTime:0.000989s ]
INFO: [ route_check ] --END-- [ RunTime:0.001083s ]

[ 2012-10-10T11:51:11+08:00 ] ERR: [1] Call to undefined method Flexigrid::outputWithOpiton() C:\Program Files\wamp\www\CBox\Common\Admin\function.php 第 25 行.
[ 2012-10-10T11:58:39+08:00 ] 127.0.0.1 /cbox/index.php/admin/Member/index
INFO: [ route_check ] --START--
INFO: Run CheckRoute Behavior [ RunTime:0.001636s ]
INFO: [ route_check ] --END-- [ RunTime:0.001772s ]

[ 2012-10-10T11:58:39+08:00 ] 127.0.0.1 /cbox/index.php/admin/Member/getdata
INFO: [ route_check ] --START--
INFO: Run CheckRoute Behavior [ RunTime:0.001027s ]
INFO: [ route_check ] --END-- [ RunTime:0.001120s ]
INFO: [ app_begin ] --START--
INFO: Run ReadHtmlCache Behavior [ RunTime:-0.001162s ]
INFO: [ app_begin ] --END-- [ RunTime:0.000806s ]
SQL: SHOW COLUMNS FROM `members` [ RunTime:0.004527s ]
SQL: SELECT COUNT(*) AS tp_count FROM `members` LIMIT 1   [ RunTime:0.000398s ]
SQL: SELECT * FROM `members` LIMIT 0,10   [ RunTime:0.000320s ]

[ 2012-10-10T11:58:40+08:00 ] 127.0.0.1 /cbox/index.php/admin/Member/look/id/2
INFO: [ route_check ] --START--
INFO: Run CheckRoute Behavior [ RunTime:0.001200s ]
INFO: [ route_check ] --END-- [ RunTime:0.001302s ]

[ 2012-10-10T11:58:40+08:00 ] ERR: [1] Call to undefined function getDataWithWith() C:\Program Files\wamp\www\CBox\Lib\Action\Admin\MemberAction.class.php 第 82 行.
[ 2012-10-10T11:59:53+08:00 ] 127.0.0.1 /cbox/index.php/admin/Member/index
INFO: [ route_check ] --START--
INFO: Run CheckRoute Behavior [ RunTime:0.001066s ]
INFO: [ route_check ] --END-- [ RunTime:0.001163s ]

[ 2012-10-10T11:59:53+08:00 ] 127.0.0.1 /cbox/index.php/admin/Member/getdata
INFO: [ route_check ] --START--
INFO: Run CheckRoute Behavior [ RunTime:0.000975s ]
INFO: [ route_check ] --END-- [ RunTime:0.001062s ]
INFO: [ app_begin ] --START--
INFO: Run ReadHtmlCache Behavior [ RunTime:-0.001149s ]
INFO: [ app_begin ] --END-- [ RunTime:0.000780s ]
SQL: SHOW COLUMNS FROM `members` [ RunTime:0.004130s ]
SQL: SELECT COUNT(*) AS tp_count FROM `members` LIMIT 1   [ RunTime:0.000364s ]
SQL: SELECT * FROM `members` LIMIT 0,10   [ RunTime:0.000344s ]

[ 2012-10-10T11:59:55+08:00 ] 127.0.0.1 /cbox/index.php/admin/Member/look/id/2
INFO: [ route_check ] --START--
INFO: Run CheckRoute Behavior [ RunTime:0.001299s ]
INFO: [ route_check ] --END-- [ RunTime:0.001444s ]

[ 2012-10-10T11:59:55+08:00 ] ERR: (ThinkException) Table 'cbox_test.member' doesn't exist
 [ SQL语句 ] : SELECT * FROM member WHERE id in ( SELECT member_id,firend_id FROM membership WHERE  member_id = 2 or friend_id = 2)
[ 2012-10-10T11:59:55+08:00 ] 127.0.0.1 /cbox/index.php/admin/Member/getFriends/id/2
INFO: [ route_check ] --START--
INFO: Run CheckRoute Behavior [ RunTime:0.001032s ]
INFO: [ route_check ] --END-- [ RunTime:0.001127s ]
INFO: [ app_begin ] --START--
INFO: Run ReadHtmlCache Behavior [ RunTime:-0.001195s ]
INFO: [ app_begin ] --END-- [ RunTime:0.000824s ]
SQL: SHOW COLUMNS FROM `members` [ RunTime:0.004457s ]
SQL: SELECT COUNT(*) AS tp_count FROM `members` LIMIT 1   [ RunTime:0.000583s ]
SQL: SELECT * FROM member WHERE id in ( SELECT member_id,firend_id FROM membership WHERE  member_id = 2 or friend_id = 2) [ RunTime:0.003129s ]
NOTIC: [8] Undefined index: class C:\Program Files\wamp\www\CBox\ThinkPHP\Lib\Core\ThinkException.class.php 第 63 行.
NOTIC: [8] Undefined index: type C:\Program Files\wamp\www\CBox\ThinkPHP\Lib\Core\ThinkException.class.php 第 63 行.
NOTIC: [8] Undefined index: class C:\Program Files\wamp\www\CBox\ThinkPHP\Lib\Core\ThinkException.class.php 第 63 行.
NOTIC: [8] Undefined index: type C:\Program Files\wamp\www\CBox\ThinkPHP\Lib\Core\ThinkException.class.php 第 63 行.
NOTIC: [8] Undefined index: file C:\Program Files\wamp\www\CBox\ThinkPHP\Lib\Core\ThinkException.class.php 第 62 行.
NOTIC: [8] Undefined index: line C:\Program Files\wamp\www\CBox\ThinkPHP\Lib\Core\ThinkException.class.php 第 62 行.
NOTIC: [4096] Object of class MemberAction could not be converted to string C:\Program Files\wamp\www\CBox\ThinkPHP\Lib\Core\ThinkException.class.php 第 64 行.
NOTIC: [8] Undefined index: class C:\Program Files\wamp\www\CBox\ThinkPHP\Lib\Core\ThinkException.class.php 第 63 行.
NOTIC: [8] Undefined index: type C:\Program Files\wamp\www\CBox\ThinkPHP\Lib\Core\ThinkException.class.php 第 63 行.
NOTIC: [8] Undefined index: class C:\Program Files\wamp\www\CBox\ThinkPHP\Lib\Core\ThinkException.class.php 第 63 行.
NOTIC: [8] Undefined index: type C:\Program Files\wamp\www\CBox\ThinkPHP\Lib\Core\ThinkException.class.php 第 63 行.

[ 2012-10-10T12:00:02+08:00 ] 127.0.0.1 /cbox/index.php/admin/Member/look/id/2
INFO: [ route_check ] --START--
INFO: Run CheckRoute Behavior [ RunTime:0.001942s ]
INFO: [ route_check ] --END-- [ RunTime:0.002036s ]

[ 2012-10-10T12:01:22+08:00 ] 127.0.0.1 /cbox/index.php/admin/Member/index
INFO: [ route_check ] --START--
INFO: Run CheckRoute Behavior [ RunTime:0.001738s ]
INFO: [ route_check ] --END-- [ RunTime:0.001831s ]

[ 2012-10-10T12:01:23+08:00 ] 127.0.0.1 /cbox/index.php/admin/Member/getdata
INFO: [ route_check ] --START--
INFO: Run CheckRoute Behavior [ RunTime:0.000987s ]
INFO: [ route_check ] --END-- [ RunTime:0.001133s ]
INFO: [ app_begin ] --START--
INFO: Run ReadHtmlCache Behavior [ RunTime:-0.001096s ]
INFO: [ app_begin ] --END-- [ RunTime:0.000792s ]
SQL: SHOW COLUMNS FROM `members` [ RunTime:0.005044s ]
SQL: SELECT COUNT(*) AS tp_count FROM `members` LIMIT 1   [ RunTime:0.000318s ]
SQL: SELECT * FROM `members` LIMIT 0,10   [ RunTime:0.000349s ]

[ 2012-10-10T12:01:24+08:00 ] 127.0.0.1 /cbox/index.php/admin/Member/look/id/2
INFO: [ route_check ] --START--
INFO: Run CheckRoute Behavior [ RunTime:0.001215s ]
INFO: [ route_check ] --END-- [ RunTime:0.001315s ]

[ 2012-10-10T12:01:24+08:00 ] ERR: (ThinkException) Unknown column 'friend_id' in 'where clause'
 [ SQL语句 ] : SELECT * FROM members WHERE id in ( SELECT member_id,firend_id FROM membership WHERE  member_id = 2 or friend_id = 2)
[ 2012-10-10T12:01:24+08:00 ] 127.0.0.1 /cbox/index.php/admin/Member/getFriends/id/2
INFO: [ route_check ] --START--
INFO: Run CheckRoute Behavior [ RunTime:0.001597s ]
INFO: [ route_check ] --END-- [ RunTime:0.001754s ]
INFO: [ app_begin ] --START--
INFO: Run ReadHtmlCache Behavior [ RunTime:-0.002012s ]
INFO: [ app_begin ] --END-- [ RunTime:0.001309s ]
SQL: SHOW COLUMNS FROM `members` [ RunTime:0.007921s ]
SQL: SELECT COUNT(*) AS tp_count FROM `members` LIMIT 1   [ RunTime:0.000574s ]
SQL: SELECT * FROM members WHERE id in ( SELECT member_id,firend_id FROM membership WHERE  member_id = 2 or friend_id = 2) [ RunTime:0.000457s ]
NOTIC: [8] Undefined index: class C:\Program Files\wamp\www\CBox\ThinkPHP\Lib\Core\ThinkException.class.php 第 63 行.
NOTIC: [8] Undefined index: type C:\Program Files\wamp\www\CBox\ThinkPHP\Lib\Core\ThinkException.class.php 第 63 行.
NOTIC: [8] Undefined index: class C:\Program Files\wamp\www\CBox\ThinkPHP\Lib\Core\ThinkException.class.php 第 63 行.
NOTIC: [8] Undefined index: type C:\Program Files\wamp\www\CBox\ThinkPHP\Lib\Core\ThinkException.class.php 第 63 行.
NOTIC: [8] Undefined index: file C:\Program Files\wamp\www\CBox\ThinkPHP\Lib\Core\ThinkException.class.php 第 62 行.
NOTIC: [8] Undefined index: line C:\Program Files\wamp\www\CBox\ThinkPHP\Lib\Core\ThinkException.class.php 第 62 行.
NOTIC: [4096] Object of class MemberAction could not be converted to string C:\Program Files\wamp\www\CBox\ThinkPHP\Lib\Core\ThinkException.class.php 第 64 行.
NOTIC: [8] Undefined index: class C:\Program Files\wamp\www\CBox\ThinkPHP\Lib\Core\ThinkException.class.php 第 63 行.
NOTIC: [8] Undefined index: type C:\Program Files\wamp\www\CBox\ThinkPHP\Lib\Core\ThinkException.class.php 第 63 行.
NOTIC: [8] Undefined index: class C:\Program Files\wamp\www\CBox\ThinkPHP\Lib\Core\ThinkException.class.php 第 63 行.
NOTIC: [8] Undefined index: type C:\Program Files\wamp\www\CBox\ThinkPHP\Lib\Core\ThinkException.class.php 第 63 行.

[ 2012-10-10T12:02:49+08:00 ] 127.0.0.1 /cbox/index.php/admin/Member/index
INFO: [ route_check ] --START--
INFO: Run CheckRoute Behavior [ RunTime:0.001130s ]
INFO: [ route_check ] --END-- [ RunTime:0.001227s ]

[ 2012-10-10T12:02:49+08:00 ] 127.0.0.1 /cbox/index.php/admin/Member/getdata
INFO: [ route_check ] --START--
INFO: Run CheckRoute Behavior [ RunTime:0.000993s ]
INFO: [ route_check ] --END-- [ RunTime:0.001083s ]
INFO: [ app_begin ] --START--
INFO: Run ReadHtmlCache Behavior [ RunTime:-0.001082s ]
INFO: [ app_begin ] --END-- [ RunTime:0.000769s ]
SQL: SHOW COLUMNS FROM `members` [ RunTime:0.004540s ]
SQL: SELECT COUNT(*) AS tp_count FROM `members` LIMIT 1   [ RunTime:0.000308s ]
SQL: SELECT * FROM `members` LIMIT 0,10   [ RunTime:0.000311s ]

[ 2012-10-10T12:02:50+08:00 ] 127.0.0.1 /cbox/index.php/admin/Member/look/id/2
INFO: [ route_check ] --START--
INFO: Run CheckRoute Behavior [ RunTime:0.000980s ]
INFO: [ route_check ] --END-- [ RunTime:0.001072s ]

[ 2012-10-10T12:02:50+08:00 ] ERR: (ThinkException) Unknown column 'friend_id' in 'where clause'
 [ SQL语句 ] : SELECT * FROM members WHERE id in ( SELECT member_id FROM membership WHERE  member_id = 2 or friend_id = 2)
[ 2012-10-10T12:02:50+08:00 ] 127.0.0.1 /cbox/index.php/admin/Member/getFriends/id/2
INFO: [ route_check ] --START--
INFO: Run CheckRoute Behavior [ RunTime:0.001105s ]
INFO: [ route_check ] --END-- [ RunTime:0.001210s ]
INFO: [ app_begin ] --START--
INFO: Run ReadHtmlCache Behavior [ RunTime:-0.001242s ]
INFO: [ app_begin ] --END-- [ RunTime:0.000855s ]
SQL: SHOW COLUMNS FROM `members` [ RunTime:0.006501s ]
SQL: SELECT COUNT(*) AS tp_count FROM `members` LIMIT 1   [ RunTime:0.000362s ]
SQL: SELECT * FROM members WHERE id in ( SELECT member_id FROM membership WHERE  member_id = 2 or friend_id = 2) [ RunTime:0.000236s ]
NOTIC: [8] Undefined index: class C:\Program Files\wamp\www\CBox\ThinkPHP\Lib\Core\ThinkException.class.php 第 63 行.
NOTIC: [8] Undefined index: type C:\Program Files\wamp\www\CBox\ThinkPHP\Lib\Core\ThinkException.class.php 第 63 行.
NOTIC: [8] Undefined index: class C:\Program Files\wamp\www\CBox\ThinkPHP\Lib\Core\ThinkException.class.php 第 63 行.
NOTIC: [8] Undefined index: type C:\Program Files\wamp\www\CBox\ThinkPHP\Lib\Core\ThinkException.class.php 第 63 行.
NOTIC: [8] Undefined index: file C:\Program Files\wamp\www\CBox\ThinkPHP\Lib\Core\ThinkException.class.php 第 62 行.
NOTIC: [8] Undefined index: line C:\Program Files\wamp\www\CBox\ThinkPHP\Lib\Core\ThinkException.class.php 第 62 行.
NOTIC: [4096] Object of class MemberAction could not be converted to string C:\Program Files\wamp\www\CBox\ThinkPHP\Lib\Core\ThinkException.class.php 第 64 行.
NOTIC: [8] Undefined index: class C:\Program Files\wamp\www\CBox\ThinkPHP\Lib\Core\ThinkException.class.php 第 63 行.
NOTIC: [8] Undefined index: type C:\Program Files\wamp\www\CBox\ThinkPHP\Lib\Core\ThinkException.class.php 第 63 行.
NOTIC: [8] Undefined index: class C:\Program Files\wamp\www\CBox\ThinkPHP\Lib\Core\ThinkException.class.php 第 63 行.
NOTIC: [8] Undefined index: type C:\Program Files\wamp\www\CBox\ThinkPHP\Lib\Core\ThinkException.class.php 第 63 行.

[ 2012-10-10T12:03:00+08:00 ] ERR: (ThinkException) 非法操作:ook
[ 2012-10-10T12:03:00+08:00 ] 127.0.0.1 /cbox/index.php/admin/Member/ook/id/2
INFO: [ route_check ] --START--
INFO: Run CheckRoute Behavior [ RunTime:0.001409s ]
INFO: [ route_check ] --END-- [ RunTime:0.001522s ]

[ 2012-10-10T12:03:00+08:00 ] ERR: (ThinkException) 非法操作:id
[ 2012-10-10T12:03:00+08:00 ] 127.0.0.1 /cbox/index.php/admin/Member//id/2
INFO: [ route_check ] --START--
INFO: Run CheckRoute Behavior [ RunTime:0.001115s ]
INFO: [ route_check ] --END-- [ RunTime:0.001258s ]

[ 2012-10-10T12:03:01+08:00 ] 127.0.0.1 /cbox/index.php/admin/Member/get/id/2
INFO: [ route_check ] --START--
INFO: Run CheckRoute Behavior [ RunTime:0.001233s ]
INFO: [ route_check ] --END-- [ RunTime:0.001333s ]

[ 2012-10-10T12:03:01+08:00 ] ERR: (ThinkException) 非法操作:getF
[ 2012-10-10T12:03:01+08:00 ] 127.0.0.1 /cbox/index.php/admin/Member/getF/id/2
INFO: [ route_check ] --START--
INFO: Run CheckRoute Behavior [ RunTime:0.001936s ]
INFO: [ route_check ] --END-- [ RunTime:0.002060s ]

[ 2012-10-10T12:03:02+08:00 ] ERR: (ThinkException) 非法操作:getFr
[ 2012-10-10T12:03:02+08:00 ] 127.0.0.1 /cbox/index.php/admin/Member/getFr/id/2
INFO: [ route_check ] --START--
INFO: Run CheckRoute Behavior [ RunTime:0.001084s ]
INFO: [ route_check ] --END-- [ RunTime:0.001208s ]

[ 2012-10-10T12:03:02+08:00 ] ERR: (ThinkException) 非法操作:getFri
[ 2012-10-10T12:03:02+08:00 ] 127.0.0.1 /cbox/index.php/admin/Member/getFri/id/2
INFO: [ route_check ] --START--
INFO: Run CheckRoute Behavior [ RunTime:0.000984s ]
INFO: [ route_check ] --END-- [ RunTime:0.001069s ]

[ 2012-10-10T12:03:03+08:00 ] ERR: (ThinkException) 非法操作:getFriend
[ 2012-10-10T12:03:03+08:00 ] 127.0.0.1 /cbox/index.php/admin/Member/getFriend/id/2
INFO: [ route_check ] --START--
INFO: Run CheckRoute Behavior [ RunTime:0.001437s ]
INFO: [ route_check ] --END-- [ RunTime:0.001555s ]

[ 2012-10-10T12:03:03+08:00 ] ERR: (ThinkException) Unknown column 'friend_id' in 'where clause'
 [ SQL语句 ] : SELECT * FROM members WHERE id in ( SELECT member_id FROM membership WHERE  member_id = 2 or friend_id = 2)
[ 2012-10-10T12:03:03+08:00 ] 127.0.0.1 /cbox/index.php/admin/Member/getFriends/id/2
INFO: [ route_check ] --START--
INFO: Run CheckRoute Behavior [ RunTime:0.001214s ]
INFO: [ route_check ] --END-- [ RunTime:0.001367s ]

[ 2012-10-10T12:03:07+08:00 ] ERR: (ThinkException) Unknown column 'friend_id' in 'where clause'
 [ SQL语句 ] : SELECT * FROM members WHERE id in ( SELECT member_id FROM membership WHERE  member_id = 2 or friend_id = 2)
[ 2012-10-10T12:03:07+08:00 ] 127.0.0.1 /cbox/index.php/admin/Member/getFriends/id/2
INFO: [ route_check ] --START--
INFO: Run CheckRoute Behavior [ RunTime:0.001046s ]
INFO: [ route_check ] --END-- [ RunTime:0.001163s ]

[ 2012-10-10T12:03:51+08:00 ] 127.0.0.1 /cbox/index.php/admin/Member/getFriends/id/2
INFO: [ route_check ] --START--
INFO: Run CheckRoute Behavior [ RunTime:0.001613s ]
INFO: [ route_check ] --END-- [ RunTime:0.001712s ]

[ 2012-10-10T12:03:55+08:00 ] 127.0.0.1 /cbox/index.php/admin/Member/index
INFO: [ route_check ] --START--
INFO: Run CheckRoute Behavior [ RunTime:0.001190s ]
INFO: [ route_check ] --END-- [ RunTime:0.001311s ]

[ 2012-10-10T12:03:55+08:00 ] 127.0.0.1 /cbox/index.php/admin/Member/getdata
INFO: [ route_check ] --START--
INFO: Run CheckRoute Behavior [ RunTime:0.001066s ]
INFO: [ route_check ] --END-- [ RunTime:0.001166s ]
INFO: [ app_begin ] --START--
INFO: Run ReadHtmlCache Behavior [ RunTime:-0.001196s ]
INFO: [ app_begin ] --END-- [ RunTime:0.000873s ]
SQL: SHOW COLUMNS FROM `members` [ RunTime:0.004211s ]
SQL: SELECT COUNT(*) AS tp_count FROM `members` LIMIT 1   [ RunTime:0.000242s ]
SQL: SELECT * FROM `members` LIMIT 0,10   [ RunTime:0.000254s ]

[ 2012-10-10T12:03:56+08:00 ] 127.0.0.1 /cbox/index.php/admin/Member/look/id/2
INFO: [ route_check ] --START--
INFO: Run CheckRoute Behavior [ RunTime:0.001537s ]
INFO: [ route_check ] --END-- [ RunTime:0.001664s ]

[ 2012-10-10T12:03:56+08:00 ] 127.0.0.1 /cbox/index.php/admin/Member/getFriends/id/2
INFO: [ route_check ] --START--
INFO: Run CheckRoute Behavior [ RunTime:0.001071s ]
INFO: [ route_check ] --END-- [ RunTime:0.001172s ]
INFO: [ app_begin ] --START--
INFO: Run ReadHtmlCache Behavior [ RunTime:-0.001202s ]
INFO: [ app_begin ] --END-- [ RunTime:0.000800s ]
SQL: SHOW COLUMNS FROM `members` [ RunTime:0.006390s ]
SQL: SELECT COUNT(*) AS tp_count FROM `members` LIMIT 1   [ RunTime:0.000457s ]
SQL: SELECT * FROM members WHERE id in ( SELECT member_id FROM membership WHERE  member_id = 2 or firend_id = 2) [ RunTime:0.000600s ]

[ 2012-10-10T12:06:10+08:00 ] 127.0.0.1 /cbox/index.php/admin/Member/index
INFO: [ route_check ] --START--
INFO: Run CheckRoute Behavior [ RunTime:0.001762s ]
INFO: [ route_check ] --END-- [ RunTime:0.001852s ]

[ 2012-10-10T12:06:10+08:00 ] 127.0.0.1 /cbox/index.php/admin/Member/getdata
INFO: [ route_check ] --START--
INFO: Run CheckRoute Behavior [ RunTime:0.001070s ]
INFO: [ route_check ] --END-- [ RunTime:0.001166s ]
INFO: [ app_begin ] --START--
INFO: Run ReadHtmlCache Behavior [ RunTime:-0.002300s ]
INFO: [ app_begin ] --END-- [ RunTime:0.001275s ]
SQL: SHOW COLUMNS FROM `members` [ RunTime:0.009008s ]
SQL: SELECT COUNT(*) AS tp_count FROM `members` LIMIT 1   [ RunTime:0.000376s ]
SQL: SELECT * FROM `members` LIMIT 0,10   [ RunTime:0.000407s ]

[ 2012-10-10T12:06:12+08:00 ] 127.0.0.1 /cbox/index.php/admin/Member/look/id/2
INFO: [ route_check ] --START--
INFO: Run CheckRoute Behavior [ RunTime:0.001081s ]
INFO: [ route_check ] --END-- [ RunTime:0.001181s ]

[ 2012-10-10T12:06:12+08:00 ] ERR: (ThinkException) Operand should contain 1 column(s)
 [ SQL语句 ] : SELECT * FROM members WHERE id in ( SELECT member_id,friend_id FROM membership WHERE  member_id = 2 or friend_id = 2)
[ 2012-10-10T12:06:12+08:00 ] 127.0.0.1 /cbox/index.php/admin/Member/getFriends/id/2
INFO: [ route_check ] --START--
INFO: Run CheckRoute Behavior [ RunTime:0.001850s ]
INFO: [ route_check ] --END-- [ RunTime:0.001996s ]
INFO: [ app_begin ] --START--
INFO: Run ReadHtmlCache Behavior [ RunTime:-0.003884s ]
INFO: [ app_begin ] --END-- [ RunTime:0.002040s ]
SQL: SHOW COLUMNS FROM `members` [ RunTime:0.004824s ]
SQL: SELECT COUNT(*) AS tp_count FROM `members` LIMIT 1   [ RunTime:0.000507s ]
SQL: SELECT * FROM members WHERE id in ( SELECT member_id,friend_id FROM membership WHERE  member_id = 2 or friend_id = 2) [ RunTime:0.000447s ]
NOTIC: [8] Undefined index: class C:\Program Files\wamp\www\CBox\ThinkPHP\Lib\Core\ThinkException.class.php 第 63 行.
NOTIC: [8] Undefined index: type C:\Program Files\wamp\www\CBox\ThinkPHP\Lib\Core\ThinkException.class.php 第 63 行.
NOTIC: [8] Undefined index: class C:\Program Files\wamp\www\CBox\ThinkPHP\Lib\Core\ThinkException.class.php 第 63 行.
NOTIC: [8] Undefined index: type C:\Program Files\wamp\www\CBox\ThinkPHP\Lib\Core\ThinkException.class.php 第 63 行.
NOTIC: [8] Undefined index: file C:\Program Files\wamp\www\CBox\ThinkPHP\Lib\Core\ThinkException.class.php 第 62 行.
NOTIC: [8] Undefined index: line C:\Program Files\wamp\www\CBox\ThinkPHP\Lib\Core\ThinkException.class.php 第 62 行.
NOTIC: [4096] Object of class MemberAction could not be converted to string C:\Program Files\wamp\www\CBox\ThinkPHP\Lib\Core\ThinkException.class.php 第 64 行.
NOTIC: [8] Undefined index: class C:\Program Files\wamp\www\CBox\ThinkPHP\Lib\Core\ThinkException.class.php 第 63 行.
NOTIC: [8] Undefined index: type C:\Program Files\wamp\www\CBox\ThinkPHP\Lib\Core\ThinkException.class.php 第 63 行.
NOTIC: [8] Undefined index: class C:\Program Files\wamp\www\CBox\ThinkPHP\Lib\Core\ThinkException.class.php 第 63 行.
NOTIC: [8] Undefined index: type C:\Program Files\wamp\www\CBox\ThinkPHP\Lib\Core\ThinkException.class.php 第 63 行.

[ 2012-10-10T12:06:21+08:00 ] 127.0.0.1 /cbox/index.php/admin/Member/index
INFO: [ route_check ] --START--
INFO: Run CheckRoute Behavior [ RunTime:0.001038s ]
INFO: [ route_check ] --END-- [ RunTime:0.001148s ]

[ 2012-10-10T12:06:21+08:00 ] 127.0.0.1 /cbox/index.php/admin/Member/getdata
INFO: [ route_check ] --START--
INFO: Run CheckRoute Behavior [ RunTime:0.001009s ]
INFO: [ route_check ] --END-- [ RunTime:0.001105s ]
INFO: [ app_begin ] --START--
INFO: Run ReadHtmlCache Behavior [ RunTime:-0.002364s ]
INFO: [ app_begin ] --END-- [ RunTime:0.001131s ]
SQL: SHOW COLUMNS FROM `members` [ RunTime:0.003991s ]
SQL: SELECT COUNT(*) AS tp_count FROM `members` LIMIT 1   [ RunTime:0.000491s ]
SQL: SELECT * FROM `members` LIMIT 0,10   [ RunTime:0.000308s ]

[ 2012-10-10T12:06:22+08:00 ] 127.0.0.1 /cbox/index.php/admin/Member/look/id/2
INFO: [ route_check ] --START--
INFO: Run CheckRoute Behavior [ RunTime:0.001162s ]
INFO: [ route_check ] --END-- [ RunTime:0.001432s ]

[ 2012-10-10T12:06:22+08:00 ] 127.0.0.1 /cbox/index.php/admin/Member/getFriends/id/2
INFO: [ route_check ] --START--
INFO: Run CheckRoute Behavior [ RunTime:0.001631s ]
INFO: [ route_check ] --END-- [ RunTime:0.001790s ]
INFO: [ app_begin ] --START--
INFO: Run ReadHtmlCache Behavior [ RunTime:-0.003396s ]
INFO: [ app_begin ] --END-- [ RunTime:0.001805s ]
SQL: SHOW COLUMNS FROM `members` [ RunTime:0.003919s ]
SQL: SELECT COUNT(*) AS tp_count FROM `members` LIMIT 1   [ RunTime:0.000349s ]
SQL: SELECT * FROM members WHERE id in ( SELECT friend_id FROM membership WHERE  member_id = 2 or friend_id = 2) [ RunTime:0.000400s ]

[ 2012-10-10T12:09:04+08:00 ] 127.0.0.1 /cbox/index.php/admin/Member/edit/id/4
INFO: [ route_check ] --START--
INFO: Run CheckRoute Behavior [ RunTime:0.001835s ]
INFO: [ route_check ] --END-- [ RunTime:0.001940s ]

[ 2012-10-10T12:09:07+08:00 ] 127.0.0.1 /cbox/index.php/admin/Member/index
INFO: [ route_check ] --START--
INFO: Run CheckRoute Behavior [ RunTime:0.001307s ]
INFO: [ route_check ] --END-- [ RunTime:0.001423s ]

[ 2012-10-10T12:09:07+08:00 ] 127.0.0.1 /cbox/index.php/admin/Member/getdata
INFO: [ route_check ] --START--
INFO: Run CheckRoute Behavior [ RunTime:0.001632s ]
INFO: [ route_check ] --END-- [ RunTime:0.001793s ]
INFO: [ app_begin ] --START--
INFO: Run ReadHtmlCache Behavior [ RunTime:-0.002208s ]
INFO: [ app_begin ] --END-- [ RunTime:0.001426s ]
SQL: SHOW COLUMNS FROM `members` [ RunTime:0.005080s ]
SQL: SELECT COUNT(*) AS tp_count FROM `members` LIMIT 1   [ RunTime:0.000407s ]
SQL: SELECT * FROM `members` LIMIT 0,10   [ RunTime:0.000338s ]

[ 2012-10-10T12:09:13+08:00 ] 127.0.0.1 /cbox/index.php/admin/Member/look/id/1
INFO: [ route_check ] --START--
INFO: Run CheckRoute Behavior [ RunTime:0.003917s ]
INFO: [ route_check ] --END-- [ RunTime:0.004032s ]

[ 2012-10-10T12:09:13+08:00 ] 127.0.0.1 /cbox/index.php/admin/Member/getFriends/id/1
INFO: [ route_check ] --START--
INFO: Run CheckRoute Behavior [ RunTime:0.001457s ]
INFO: [ route_check ] --END-- [ RunTime:0.001589s ]
INFO: [ app_begin ] --START--
INFO: Run ReadHtmlCache Behavior [ RunTime:-0.002037s ]
INFO: [ app_begin ] --END-- [ RunTime:0.001258s ]
SQL: SHOW COLUMNS FROM `members` [ RunTime:0.004035s ]
SQL: SELECT COUNT(*) AS tp_count FROM `members` LIMIT 1   [ RunTime:0.000362s ]
SQL: SELECT * FROM members WHERE id in ( SELECT friend_id FROM membership WHERE  member_id = 1 or friend_id = 1) [ RunTime:0.000417s ]

[ 2012-10-10T12:09:15+08:00 ] 127.0.0.1 /cbox/index.php/admin/Member/index
INFO: [ route_check ] --START--
INFO: Run CheckRoute Behavior [ RunTime:0.001316s ]
INFO: [ route_check ] --END-- [ RunTime:0.001413s ]

[ 2012-10-10T12:09:15+08:00 ] 127.0.0.1 /cbox/index.php/admin/Member/getdata
INFO: [ route_check ] --START--
INFO: Run CheckRoute Behavior [ RunTime:0.002072s ]
INFO: [ route_check ] --END-- [ RunTime:0.002233s ]
INFO: [ app_begin ] --START--
INFO: Run ReadHtmlCache Behavior [ RunTime:-0.003034s ]
INFO: [ app_begin ] --END-- [ RunTime:0.001728s ]
SQL: SHOW COLUMNS FROM `members` [ RunTime:0.004941s ]
SQL: SELECT COUNT(*) AS tp_count FROM `members` LIMIT 1   [ RunTime:0.000633s ]
SQL: SELECT * FROM `members` LIMIT 0,10   [ RunTime:0.000536s ]

[ 2012-10-10T12:09:17+08:00 ] 127.0.0.1 /cbox/index.php/admin/Member/look/id/2
INFO: [ route_check ] --START--
INFO: Run CheckRoute Behavior [ RunTime:0.001784s ]
INFO: [ route_check ] --END-- [ RunTime:0.001881s ]

[ 2012-10-10T12:09:17+08:00 ] 127.0.0.1 /cbox/index.php/admin/Member/getFriends/id/2
INFO: [ route_check ] --START--
INFO: Run CheckRoute Behavior [ RunTime:0.002519s ]
INFO: [ route_check ] --END-- [ RunTime:0.002668s ]
INFO: [ app_begin ] --START--
INFO: Run ReadHtmlCache Behavior [ RunTime:-0.004419s ]
INFO: [ app_begin ] --END-- [ RunTime:0.001379s ]
SQL: SHOW COLUMNS FROM `members` [ RunTime:0.004013s ]
SQL: SELECT COUNT(*) AS tp_count FROM `members` LIMIT 1   [ RunTime:0.000272s ]
SQL: SELECT * FROM members WHERE id in ( SELECT friend_id FROM membership WHERE  member_id = 2 or friend_id = 2) [ RunTime:0.000392s ]

[ 2012-10-10T12:16:48+08:00 ] 127.0.0.1 /cbox/index.php/admin/Member/index
INFO: [ route_check ] --START--
INFO: Run CheckRoute Behavior [ RunTime:0.002462s ]
INFO: [ route_check ] --END-- [ RunTime:0.002570s ]

[ 2012-10-10T12:16:48+08:00 ] 127.0.0.1 /cbox/index.php/admin/Member/getdata
INFO: [ route_check ] --START--
INFO: Run CheckRoute Behavior [ RunTime:0.001292s ]
INFO: [ route_check ] --END-- [ RunTime:0.001382s ]
INFO: [ app_begin ] --START--
INFO: Run ReadHtmlCache Behavior [ RunTime:-0.001904s ]
INFO: [ app_begin ] --END-- [ RunTime:0.000793s ]
SQL: SHOW COLUMNS FROM `members` [ RunTime:0.005531s ]
SQL: SELECT COUNT(*) AS tp_count FROM `members` LIMIT 1   [ RunTime:0.000365s ]
SQL: SELECT * FROM `members` LIMIT 0,10   [ RunTime:0.000300s ]

[ 2012-10-10T12:16:49+08:00 ] 127.0.0.1 /cbox/index.php/admin/Member/look/id/2/username/test
INFO: [ route_check ] --START--
INFO: Run CheckRoute Behavior [ RunTime:0.001325s ]
INFO: [ route_check ] --END-- [ RunTime:0.001431s ]

[ 2012-10-10T12:16:49+08:00 ] 127.0.0.1 /cbox/index.php/admin/Member/look/id/2/username/test
INFO: [ route_check ] --START--
INFO: Run CheckRoute Behavior [ RunTime:0.001614s ]
INFO: [ route_check ] --END-- [ RunTime:0.001705s ]

[ 2012-10-10T12:16:49+08:00 ] 127.0.0.1 /cbox/index.php/admin/Member/getFriends/id/2
INFO: [ route_check ] --START--
INFO: Run CheckRoute Behavior [ RunTime:0.001529s ]
INFO: [ route_check ] --END-- [ RunTime:0.001664s ]
INFO: [ app_begin ] --START--
INFO: Run ReadHtmlCache Behavior [ RunTime:-0.002073s ]
INFO: [ app_begin ] --END-- [ RunTime:0.001491s ]
SQL: SHOW COLUMNS FROM `members` [ RunTime:0.006292s ]
SQL: SELECT COUNT(*) AS tp_count FROM `members` LIMIT 1   [ RunTime:0.000514s ]
SQL: SELECT * FROM members WHERE id in ( SELECT friend_id FROM membership WHERE  member_id = 2 or friend_id = 2) [ RunTime:0.002180s ]

[ 2012-10-10T12:16:53+08:00 ] 127.0.0.1 /cbox/index.php/admin/Member/index
INFO: [ route_check ] --START--
INFO: Run CheckRoute Behavior [ RunTime:0.001166s ]
INFO: [ route_check ] --END-- [ RunTime:0.001278s ]

[ 2012-10-10T12:16:53+08:00 ] 127.0.0.1 /cbox/index.php/admin/Member/getdata
INFO: [ route_check ] --START--
INFO: Run CheckRoute Behavior [ RunTime:0.001149s ]
INFO: [ route_check ] --END-- [ RunTime:0.001250s ]
INFO: [ app_begin ] --START--
INFO: Run ReadHtmlCache Behavior [ RunTime:-0.001203s ]
INFO: [ app_begin ] --END-- [ RunTime:0.000842s ]
SQL: SHOW COLUMNS FROM `members` [ RunTime:0.005201s ]
SQL: SELECT COUNT(*) AS tp_count FROM `members` LIMIT 1   [ RunTime:0.000435s ]
SQL: SELECT * FROM `members` LIMIT 0,10   [ RunTime:0.000348s ]

[ 2012-10-10T12:39:12+08:00 ] 127.0.0.1 /cbox/index.php/admin/Message/index
INFO: [ route_check ] --START--
INFO: Run CheckRoute Behavior [ RunTime:0.001715s ]
INFO: [ route_check ] --END-- [ RunTime:0.001810s ]

[ 2012-10-10T12:39:12+08:00 ] ERR: (ThinkException) Table 'cbox_test.messages' doesn't exist
 [ SQL语句 ] : SHOW COLUMNS FROM `messages`
[ 2012-10-10T12:39:12+08:00 ] 127.0.0.1 /cbox/index.php/admin/Message/getdata
INFO: [ route_check ] --START--
INFO: Run CheckRoute Behavior [ RunTime:0.001343s ]
INFO: [ route_check ] --END-- [ RunTime:0.001467s ]
INFO: [ app_begin ] --START--
INFO: Run ReadHtmlCache Behavior [ RunTime:-0.001276s ]
INFO: [ app_begin ] --END-- [ RunTime:0.000969s ]
SQL: SHOW COLUMNS FROM `messages` [ RunTime:0.004011s ]
NOTIC: [8] Undefined index: class C:\Program Files\wamp\www\CBox\ThinkPHP\Lib\Core\ThinkException.class.php 第 63 行.
NOTIC: [8] Undefined index: type C:\Program Files\wamp\www\CBox\ThinkPHP\Lib\Core\ThinkException.class.php 第 63 行.
NOTIC: [8] Undefined index: class C:\Program Files\wamp\www\CBox\ThinkPHP\Lib\Core\ThinkException.class.php 第 63 行.
NOTIC: [8] Undefined index: type C:\Program Files\wamp\www\CBox\ThinkPHP\Lib\Core\ThinkException.class.php 第 63 行.
NOTIC: [8] Undefined index: class C:\Program Files\wamp\www\CBox\ThinkPHP\Lib\Core\ThinkException.class.php 第 63 行.
NOTIC: [8] Undefined index: type C:\Program Files\wamp\www\CBox\ThinkPHP\Lib\Core\ThinkException.class.php 第 63 行.
NOTIC: [8] Undefined index: file C:\Program Files\wamp\www\CBox\ThinkPHP\Lib\Core\ThinkException.class.php 第 62 行.
NOTIC: [8] Undefined index: line C:\Program Files\wamp\www\CBox\ThinkPHP\Lib\Core\ThinkException.class.php 第 62 行.
NOTIC: [4096] Object of class MessageAction could not be converted to string C:\Program Files\wamp\www\CBox\ThinkPHP\Lib\Core\ThinkException.class.php 第 64 行.
NOTIC: [8] Undefined index: class C:\Program Files\wamp\www\CBox\ThinkPHP\Lib\Core\ThinkException.class.php 第 63 行.
NOTIC: [8] Undefined index: type C:\Program Files\wamp\www\CBox\ThinkPHP\Lib\Core\ThinkException.class.php 第 63 行.
NOTIC: [8] Undefined index: class C:\Program Files\wamp\www\CBox\ThinkPHP\Lib\Core\ThinkException.class.php 第 63 行.
NOTIC: [8] Undefined index: type C:\Program Files\wamp\www\CBox\ThinkPHP\Lib\Core\ThinkException.class.php 第 63 行.

[ 2012-10-10T12:40:09+08:00 ] 127.0.0.1 /cbox/index.php/admin/Message/index
INFO: [ route_check ] --START--
INFO: Run CheckRoute Behavior [ RunTime:0.001834s ]
INFO: [ route_check ] --END-- [ RunTime:0.001926s ]

[ 2012-10-10T12:40:09+08:00 ] ERR: (ThinkException) Table 'cbox_test.messages' doesn't exist
 [ SQL语句 ] : SHOW COLUMNS FROM `messages`
[ 2012-10-10T12:40:09+08:00 ] 127.0.0.1 /cbox/index.php/admin/Message/getdata
INFO: [ route_check ] --START--
INFO: Run CheckRoute Behavior [ RunTime:0.001035s ]
INFO: [ route_check ] --END-- [ RunTime:0.001133s ]
INFO: [ app_begin ] --START--
INFO: Run ReadHtmlCache Behavior [ RunTime:-0.001112s ]
INFO: [ app_begin ] --END-- [ RunTime:0.000791s ]
SQL: SHOW COLUMNS FROM `messages` [ RunTime:0.005662s ]
NOTIC: [8] Undefined index: class C:\Program Files\wamp\www\CBox\ThinkPHP\Lib\Core\ThinkException.class.php 第 63 行.
NOTIC: [8] Undefined index: type C:\Program Files\wamp\www\CBox\ThinkPHP\Lib\Core\ThinkException.class.php 第 63 行.
NOTIC: [8] Undefined index: class C:\Program Files\wamp\www\CBox\ThinkPHP\Lib\Core\ThinkException.class.php 第 63 行.
NOTIC: [8] Undefined index: type C:\Program Files\wamp\www\CBox\ThinkPHP\Lib\Core\ThinkException.class.php 第 63 行.
NOTIC: [8] Undefined index: class C:\Program Files\wamp\www\CBox\ThinkPHP\Lib\Core\ThinkException.class.php 第 63 行.
NOTIC: [8] Undefined index: type C:\Program Files\wamp\www\CBox\ThinkPHP\Lib\Core\ThinkException.class.php 第 63 行.
NOTIC: [8] Undefined index: file C:\Program Files\wamp\www\CBox\ThinkPHP\Lib\Core\ThinkException.class.php 第 62 行.
NOTIC: [8] Undefined index: line C:\Program Files\wamp\www\CBox\ThinkPHP\Lib\Core\ThinkException.class.php 第 62 行.
NOTIC: [4096] Object of class MessageAction could not be converted to string C:\Program Files\wamp\www\CBox\ThinkPHP\Lib\Core\ThinkException.class.php 第 64 行.
NOTIC: [8] Undefined index: class C:\Program Files\wamp\www\CBox\ThinkPHP\Lib\Core\ThinkException.class.php 第 63 行.
NOTIC: [8] Undefined index: type C:\Program Files\wamp\www\CBox\ThinkPHP\Lib\Core\ThinkException.class.php 第 63 行.
NOTIC: [8] Undefined index: class C:\Program Files\wamp\www\CBox\ThinkPHP\Lib\Core\ThinkException.class.php 第 63 行.
NOTIC: [8] Undefined index: type C:\Program Files\wamp\www\CBox\ThinkPHP\Lib\Core\ThinkException.class.php 第 63 行.

[ 2012-10-10T12:40:18+08:00 ] 127.0.0.1 /cbox/index.php/admin/Index/main
INFO: [ route_check ] --START--
INFO: Run CheckRoute Behavior [ RunTime:0.001665s ]
INFO: [ route_check ] --END-- [ RunTime:0.001759s ]

[ 2012-10-10T12:40:19+08:00 ] 127.0.0.1 /cbox/index.php/admin/Index/top/
INFO: [ route_check ] --START--
INFO: Run CheckRoute Behavior [ RunTime:0.001821s ]
INFO: [ route_check ] --END-- [ RunTime:0.002080s ]

[ 2012-10-10T12:40:19+08:00 ] 127.0.0.1 /cbox/index.php/admin/Index/welcome
INFO: [ route_check ] --START--
INFO: Run CheckRoute Behavior [ RunTime:0.001515s ]
INFO: [ route_check ] --END-- [ RunTime:0.001644s ]

[ 2012-10-10T12:40:19+08:00 ] 127.0.0.1 /cbox/index.php/admin/Index/left/
INFO: [ route_check ] --START--
INFO: Run CheckRoute Behavior [ RunTime:0.002610s ]
INFO: [ route_check ] --END-- [ RunTime:0.002740s ]

[ 2012-10-10T12:40:20+08:00 ] 127.0.0.1 /cbox/index.php/admin/Message/index
INFO: [ route_check ] --START--
INFO: Run CheckRoute Behavior [ RunTime:0.001034s ]
INFO: [ route_check ] --END-- [ RunTime:0.001130s ]

[ 2012-10-10T12:40:20+08:00 ] ERR: (ThinkException) Table 'cbox_test.messages' doesn't exist
 [ SQL语句 ] : SHOW COLUMNS FROM `messages`
[ 2012-10-10T12:40:20+08:00 ] 127.0.0.1 /cbox/index.php/admin/Message/getdata
INFO: [ route_check ] --START--
INFO: Run CheckRoute Behavior [ RunTime:0.001559s ]
INFO: [ route_check ] --END-- [ RunTime:0.001699s ]
INFO: [ app_begin ] --START--
INFO: Run ReadHtmlCache Behavior [ RunTime:-0.001348s ]
INFO: [ app_begin ] --END-- [ RunTime:0.000844s ]
SQL: SHOW COLUMNS FROM `messages` [ RunTime:0.006670s ]
NOTIC: [8] Undefined index: class C:\Program Files\wamp\www\CBox\ThinkPHP\Lib\Core\ThinkException.class.php 第 63 行.
NOTIC: [8] Undefined index: type C:\Program Files\wamp\www\CBox\ThinkPHP\Lib\Core\ThinkException.class.php 第 63 行.
NOTIC: [8] Undefined index: class C:\Program Files\wamp\www\CBox\ThinkPHP\Lib\Core\ThinkException.class.php 第 63 行.
NOTIC: [8] Undefined index: type C:\Program Files\wamp\www\CBox\ThinkPHP\Lib\Core\ThinkException.class.php 第 63 行.
NOTIC: [8] Undefined index: class C:\Program Files\wamp\www\CBox\ThinkPHP\Lib\Core\ThinkException.class.php 第 63 行.
NOTIC: [8] Undefined index: type C:\Program Files\wamp\www\CBox\ThinkPHP\Lib\Core\ThinkException.class.php 第 63 行.
NOTIC: [8] Undefined index: file C:\Program Files\wamp\www\CBox\ThinkPHP\Lib\Core\ThinkException.class.php 第 62 行.
NOTIC: [8] Undefined index: line C:\Program Files\wamp\www\CBox\ThinkPHP\Lib\Core\ThinkException.class.php 第 62 行.
NOTIC: [4096] Object of class MessageAction could not be converted to string C:\Program Files\wamp\www\CBox\ThinkPHP\Lib\Core\ThinkException.class.php 第 64 行.
NOTIC: [8] Undefined index: class C:\Program Files\wamp\www\CBox\ThinkPHP\Lib\Core\ThinkException.class.php 第 63 行.
NOTIC: [8] Undefined index: type C:\Program Files\wamp\www\CBox\ThinkPHP\Lib\Core\ThinkException.class.php 第 63 行.
NOTIC: [8] Undefined index: class C:\Program Files\wamp\www\CBox\ThinkPHP\Lib\Core\ThinkException.class.php 第 63 行.
NOTIC: [8] Undefined index: type C:\Program Files\wamp\www\CBox\ThinkPHP\Lib\Core\ThinkException.class.php 第 63 行.

[ 2012-10-10T12:40:20+08:00 ] ERR: (ThinkException) 模板不存在[C:/Program Files/wamp/www/CBox/Tpl/admin/Card/index.html]
[ 2012-10-10T12:40:20+08:00 ] 127.0.0.1 /cbox/index.php/admin/Card/index
INFO: [ route_check ] --START--
INFO: Run CheckRoute Behavior [ RunTime:0.000986s ]
INFO: [ route_check ] --END-- [ RunTime:0.001078s ]

[ 2012-10-10T12:40:21+08:00 ] 127.0.0.1 /cbox/index.php/admin/Member/index
INFO: [ route_check ] --START--
INFO: Run CheckRoute Behavior [ RunTime:0.001403s ]
INFO: [ route_check ] --END-- [ RunTime:0.001577s ]

[ 2012-10-10T12:40:21+08:00 ] 127.0.0.1 /cbox/index.php/admin/Member/getdata
INFO: [ route_check ] --START--
INFO: Run CheckRoute Behavior [ RunTime:0.002199s ]
INFO: [ route_check ] --END-- [ RunTime:0.002355s ]
INFO: [ app_begin ] --START--
INFO: Run ReadHtmlCache Behavior [ RunTime:-0.001804s ]
INFO: [ app_begin ] --END-- [ RunTime:0.001257s ]
SQL: SHOW COLUMNS FROM `members` [ RunTime:0.007021s ]
SQL: SELECT COUNT(*) AS tp_count FROM `members` LIMIT 1   [ RunTime:0.000480s ]
SQL: SELECT * FROM `members` LIMIT 0,10   [ RunTime:0.000432s ]

[ 2012-10-10T12:40:22+08:00 ] 127.0.0.1 /cbox/index.php/admin/Setting/index
INFO: [ route_check ] --START--
INFO: Run CheckRoute Behavior [ RunTime:0.001018s ]
INFO: [ route_check ] --END-- [ RunTime:0.001109s ]

[ 2012-10-10T12:40:22+08:00 ] 127.0.0.1 /cbox/index.php/admin/Setting/getdata
INFO: [ route_check ] --START--
INFO: Run CheckRoute Behavior [ RunTime:0.001197s ]
INFO: [ route_check ] --END-- [ RunTime:0.001317s ]
INFO: [ app_begin ] --START--
INFO: Run ReadHtmlCache Behavior [ RunTime:-0.001176s ]
INFO: [ app_begin ] --END-- [ RunTime:0.000829s ]
SQL: SHOW COLUMNS FROM `settings` [ RunTime:0.004237s ]
SQL: SELECT COUNT(*) AS tp_count FROM `settings` LIMIT 1   [ RunTime:0.000626s ]
SQL: SELECT * FROM `settings` LIMIT 0,10   [ RunTime:0.000242s ]

[ 2012-10-10T12:40:23+08:00 ] 127.0.0.1 /cbox/index.php/admin/Administrator/index
INFO: [ route_check ] --START--
INFO: Run CheckRoute Behavior [ RunTime:0.001027s ]
INFO: [ route_check ] --END-- [ RunTime:0.001118s ]

[ 2012-10-10T12:40:23+08:00 ] 127.0.0.1 /cbox/index.php/admin/Administrator/getdata
INFO: [ route_check ] --START--
INFO: Run CheckRoute Behavior [ RunTime:0.001006s ]
INFO: [ route_check ] --END-- [ RunTime:0.001098s ]
INFO: [ app_begin ] --START--
INFO: Run ReadHtmlCache Behavior [ RunTime:-0.001131s ]
INFO: [ app_begin ] --END-- [ RunTime:0.000804s ]
SQL: SHOW COLUMNS FROM `administrators` [ RunTime:0.007847s ]
SQL: SELECT COUNT(*) AS tp_count FROM `administrators` LIMIT 1   [ RunTime:0.000443s ]
SQL: SELECT * FROM `administrators` LIMIT 0,10   [ RunTime:0.000363s ]

[ 2012-10-10T12:40:24+08:00 ] 127.0.0.1 /cbox/index.php/admin/Setting/index
INFO: [ route_check ] --START--
INFO: Run CheckRoute Behavior [ RunTime:0.000964s ]
INFO: [ route_check ] --END-- [ RunTime:0.001053s ]

[ 2012-10-10T12:40:24+08:00 ] 127.0.0.1 /cbox/index.php/admin/Setting/getdata
INFO: [ route_check ] --START--
INFO: Run CheckRoute Behavior [ RunTime:0.001699s ]
INFO: [ route_check ] --END-- [ RunTime:0.001856s ]
INFO: [ app_begin ] --START--
INFO: Run ReadHtmlCache Behavior [ RunTime:-0.001729s ]
INFO: [ app_begin ] --END-- [ RunTime:0.001211s ]
SQL: SHOW COLUMNS FROM `settings` [ RunTime:0.005348s ]
SQL: SELECT COUNT(*) AS tp_count FROM `settings` LIMIT 1   [ RunTime:0.000492s ]
SQL: SELECT * FROM `settings` LIMIT 0,10   [ RunTime:0.000265s ]

[ 2012-10-10T12:40:24+08:00 ] 127.0.0.1 /cbox/index.php/admin/Administrator/index
INFO: [ route_check ] --START--
INFO: Run CheckRoute Behavior [ RunTime:0.001020s ]
INFO: [ route_check ] --END-- [ RunTime:0.001109s ]

[ 2012-10-10T12:40:25+08:00 ] 127.0.0.1 /cbox/index.php/admin/Administrator/getdata
INFO: [ route_check ] --START--
INFO: Run CheckRoute Behavior [ RunTime:0.001180s ]
INFO: [ route_check ] --END-- [ RunTime:0.001310s ]
INFO: [ app_begin ] --START--
INFO: Run ReadHtmlCache Behavior [ RunTime:-0.001513s ]
INFO: [ app_begin ] --END-- [ RunTime:0.000977s ]
SQL: SHOW COLUMNS FROM `administrators` [ RunTime:0.005713s ]
SQL: SELECT COUNT(*) AS tp_count FROM `administrators` LIMIT 1   [ RunTime:0.000391s ]
SQL: SELECT * FROM `administrators` LIMIT 0,10   [ RunTime:0.000262s ]

[ 2012-10-10T12:44:35+08:00 ] 127.0.0.1 /cbox/index.php/admin/Member/index
INFO: [ route_check ] --START--
INFO: Run CheckRoute Behavior [ RunTime:0.001747s ]
INFO: [ route_check ] --END-- [ RunTime:0.001848s ]

[ 2012-10-10T12:44:36+08:00 ] 127.0.0.1 /cbox/index.php/admin/Member/getdata
INFO: [ route_check ] --START--
INFO: Run CheckRoute Behavior [ RunTime:0.001054s ]
INFO: [ route_check ] --END-- [ RunTime:0.001149s ]
INFO: [ app_begin ] --START--
INFO: Run ReadHtmlCache Behavior [ RunTime:-0.001251s ]
INFO: [ app_begin ] --END-- [ RunTime:0.000857s ]
SQL: SHOW COLUMNS FROM `members` [ RunTime:0.005240s ]
SQL: SELECT COUNT(*) AS tp_count FROM `members` LIMIT 1   [ RunTime:0.000359s ]
SQL: SELECT * FROM `members` LIMIT 0,10   [ RunTime:0.000335s ]

[ 2012-10-10T12:44:37+08:00 ] 127.0.0.1 /cbox/index.php/admin/Administrator/index
INFO: [ route_check ] --START--
INFO: Run CheckRoute Behavior [ RunTime:0.001023s ]
INFO: [ route_check ] --END-- [ RunTime:0.001114s ]

[ 2012-10-10T12:44:37+08:00 ] 127.0.0.1 /cbox/index.php/admin/Administrator/getdata
INFO: [ route_check ] --START--
INFO: Run CheckRoute Behavior [ RunTime:0.003211s ]
INFO: [ route_check ] --END-- [ RunTime:0.003379s ]
INFO: [ app_begin ] --START--
INFO: Run ReadHtmlCache Behavior [ RunTime:-0.002152s ]
INFO: [ app_begin ] --END-- [ RunTime:0.001286s ]
SQL: SHOW COLUMNS FROM `administrators` [ RunTime:0.007338s ]
SQL: SELECT COUNT(*) AS tp_count FROM `administrators` LIMIT 1   [ RunTime:0.000396s ]
SQL: SELECT * FROM `administrators` LIMIT 0,10   [ RunTime:0.000274s ]

[ 2012-10-10T12:44:38+08:00 ] 127.0.0.1 /cbox/index.php/admin/Setting/index
INFO: [ route_check ] --START--
INFO: Run CheckRoute Behavior [ RunTime:0.000996s ]
INFO: [ route_check ] --END-- [ RunTime:0.001089s ]

[ 2012-10-10T12:44:38+08:00 ] 127.0.0.1 /cbox/index.php/admin/Setting/getdata
INFO: [ route_check ] --START--
INFO: Run CheckRoute Behavior [ RunTime:0.001087s ]
INFO: [ route_check ] --END-- [ RunTime:0.001225s ]
INFO: [ app_begin ] --START--
INFO: Run ReadHtmlCache Behavior [ RunTime:-0.001234s ]
INFO: [ app_begin ] --END-- [ RunTime:0.000949s ]
SQL: SHOW COLUMNS FROM `settings` [ RunTime:0.006221s ]
SQL: SELECT COUNT(*) AS tp_count FROM `settings` LIMIT 1   [ RunTime:0.000445s ]
SQL: SELECT * FROM `settings` LIMIT 0,10   [ RunTime:0.000431s ]

[ 2012-10-10T12:44:39+08:00 ] 127.0.0.1 /cbox/index.php/admin/Administrator/index
INFO: [ route_check ] --START--
INFO: Run CheckRoute Behavior [ RunTime:0.001344s ]
INFO: [ route_check ] --END-- [ RunTime:0.001460s ]

[ 2012-10-10T12:44:39+08:00 ] 127.0.0.1 /cbox/index.php/admin/Administrator/getdata
INFO: [ route_check ] --START--
INFO: Run CheckRoute Behavior [ RunTime:0.001393s ]
INFO: [ route_check ] --END-- [ RunTime:0.001531s ]
INFO: [ app_begin ] --START--
INFO: Run ReadHtmlCache Behavior [ RunTime:-0.001387s ]
INFO: [ app_begin ] --END-- [ RunTime:0.000850s ]
SQL: SHOW COLUMNS FROM `administrators` [ RunTime:0.005437s ]
SQL: SELECT COUNT(*) AS tp_count FROM `administrators` LIMIT 1   [ RunTime:0.000305s ]
SQL: SELECT * FROM `administrators` LIMIT 0,10   [ RunTime:0.000244s ]

[ 2012-10-10T12:44:40+08:00 ] 127.0.0.1 /cbox/index.php/admin/Setting/index
INFO: [ route_check ] --START--
INFO: Run CheckRoute Behavior [ RunTime:0.001116s ]
INFO: [ route_check ] --END-- [ RunTime:0.001215s ]

[ 2012-10-10T12:44:40+08:00 ] 127.0.0.1 /cbox/index.php/admin/Setting/getdata
INFO: [ route_check ] --START--
INFO: Run CheckRoute Behavior [ RunTime:0.001033s ]
INFO: [ route_check ] --END-- [ RunTime:0.001129s ]
INFO: [ app_begin ] --START--
INFO: Run ReadHtmlCache Behavior [ RunTime:-0.002311s ]
INFO: [ app_begin ] --END-- [ RunTime:0.001548s ]
SQL: SHOW COLUMNS FROM `settings` [ RunTime:0.004633s ]
SQL: SELECT COUNT(*) AS tp_count FROM `settings` LIMIT 1   [ RunTime:0.000506s ]
SQL: SELECT * FROM `settings` LIMIT 0,10   [ RunTime:0.000330s ]

[ 2012-10-10T12:46:57+08:00 ] 127.0.0.1 /cbox/index.php/admin/Message/index
INFO: [ route_check ] --START--
INFO: Run CheckRoute Behavior [ RunTime:0.001671s ]
INFO: [ route_check ] --END-- [ RunTime:0.001763s ]

[ 2012-10-10T12:46:57+08:00 ] ERR: (ThinkException) Table 'cbox_test.messages' doesn't exist
 [ SQL语句 ] : SHOW COLUMNS FROM `messages`
[ 2012-10-10T12:46:57+08:00 ] 127.0.0.1 /cbox/index.php/admin/Message/getdata
INFO: [ route_check ] --START--
INFO: Run CheckRoute Behavior [ RunTime:0.000967s ]
INFO: [ route_check ] --END-- [ RunTime:0.001061s ]
INFO: [ app_begin ] --START--
INFO: Run ReadHtmlCache Behavior [ RunTime:-0.001103s ]
INFO: [ app_begin ] --END-- [ RunTime:0.001028s ]
SQL: SHOW COLUMNS FROM `messages` [ RunTime:0.003912s ]
NOTIC: [8] Undefined index: class C:\Program Files\wamp\www\CBox\ThinkPHP\Lib\Core\ThinkException.class.php 第 63 行.
NOTIC: [8] Undefined index: type C:\Program Files\wamp\www\CBox\ThinkPHP\Lib\Core\ThinkException.class.php 第 63 行.
NOTIC: [8] Undefined index: class C:\Program Files\wamp\www\CBox\ThinkPHP\Lib\Core\ThinkException.class.php 第 63 行.
NOTIC: [8] Undefined index: type C:\Program Files\wamp\www\CBox\ThinkPHP\Lib\Core\ThinkException.class.php 第 63 行.
NOTIC: [8] Undefined index: class C:\Program Files\wamp\www\CBox\ThinkPHP\Lib\Core\ThinkException.class.php 第 63 行.
NOTIC: [8] Undefined index: type C:\Program Files\wamp\www\CBox\ThinkPHP\Lib\Core\ThinkException.class.php 第 63 行.
NOTIC: [8] Undefined index: file C:\Program Files\wamp\www\CBox\ThinkPHP\Lib\Core\ThinkException.class.php 第 62 行.
NOTIC: [8] Undefined index: line C:\Program Files\wamp\www\CBox\ThinkPHP\Lib\Core\ThinkException.class.php 第 62 行.
NOTIC: [4096] Object of class MessageAction could not be converted to string C:\Program Files\wamp\www\CBox\ThinkPHP\Lib\Core\ThinkException.class.php 第 64 行.
NOTIC: [8] Undefined index: class C:\Program Files\wamp\www\CBox\ThinkPHP\Lib\Core\ThinkException.class.php 第 63 行.
NOTIC: [8] Undefined index: type C:\Program Files\wamp\www\CBox\ThinkPHP\Lib\Core\ThinkException.class.php 第 63 行.
NOTIC: [8] Undefined index: class C:\Program Files\wamp\www\CBox\ThinkPHP\Lib\Core\ThinkException.class.php 第 63 行.
NOTIC: [8] Undefined index: type C:\Program Files\wamp\www\CBox\ThinkPHP\Lib\Core\ThinkException.class.php 第 63 行.

[ 2012-10-10T12:47:01+08:00 ] 127.0.0.1 /cbox/index.php/admin/Setting/index
INFO: [ route_check ] --START--
INFO: Run CheckRoute Behavior [ RunTime:0.000969s ]
INFO: [ route_check ] --END-- [ RunTime:0.001058s ]

[ 2012-10-10T12:47:01+08:00 ] 127.0.0.1 /cbox/index.php/admin/Setting/getdata
INFO: [ route_check ] --START--
INFO: Run CheckRoute Behavior [ RunTime:0.001035s ]
INFO: [ route_check ] --END-- [ RunTime:0.001140s ]
INFO: [ app_begin ] --START--
INFO: Run ReadHtmlCache Behavior [ RunTime:-0.001259s ]
INFO: [ app_begin ] --END-- [ RunTime:0.000836s ]
SQL: SHOW COLUMNS FROM `settings` [ RunTime:0.004889s ]
SQL: SELECT COUNT(*) AS tp_count FROM `settings` LIMIT 1   [ RunTime:0.000530s ]
SQL: SELECT * FROM `settings` LIMIT 0,10   [ RunTime:0.000311s ]

[ 2012-10-10T12:47:03+08:00 ] 127.0.0.1 /cbox/index.php/admin/Administrator/index
INFO: [ route_check ] --START--
INFO: Run CheckRoute Behavior [ RunTime:0.001454s ]
INFO: [ route_check ] --END-- [ RunTime:0.001570s ]

[ 2012-10-10T12:47:03+08:00 ] 127.0.0.1 /cbox/index.php/admin/Administrator/getdata
INFO: [ route_check ] --START--
INFO: Run CheckRoute Behavior [ RunTime:0.001002s ]
INFO: [ route_check ] --END-- [ RunTime:0.001098s ]
INFO: [ app_begin ] --START--
INFO: Run ReadHtmlCache Behavior [ RunTime:-0.001250s ]
INFO: [ app_begin ] --END-- [ RunTime:0.000826s ]
SQL: SHOW COLUMNS FROM `administrators` [ RunTime:0.004544s ]
SQL: SELECT COUNT(*) AS tp_count FROM `administrators` LIMIT 1   [ RunTime:0.000302s ]
SQL: SELECT * FROM `administrators` LIMIT 0,10   [ RunTime:0.000287s ]

[ 2012-10-10T12:47:06+08:00 ] 127.0.0.1 /cbox/index.php/admin/Setting/index
INFO: [ route_check ] --START--
INFO: Run CheckRoute Behavior [ RunTime:0.001622s ]
INFO: [ route_check ] --END-- [ RunTime:0.001739s ]

[ 2012-10-10T12:47:06+08:00 ] 127.0.0.1 /cbox/index.php/admin/Setting/getdata
INFO: [ route_check ] --START--
INFO: Run CheckRoute Behavior [ RunTime:0.001146s ]
INFO: [ route_check ] --END-- [ RunTime:0.001245s ]
INFO: [ app_begin ] --START--
INFO: Run ReadHtmlCache Behavior [ RunTime:-0.001218s ]
INFO: [ app_begin ] --END-- [ RunTime:0.000825s ]
SQL: SHOW COLUMNS FROM `settings` [ RunTime:0.004783s ]
SQL: SELECT COUNT(*) AS tp_count FROM `settings` LIMIT 1   [ RunTime:0.000604s ]
SQL: SELECT * FROM `settings` LIMIT 0,10   [ RunTime:0.000311s ]

[ 2012-10-10T12:47:07+08:00 ] 127.0.0.1 /cbox/index.php/admin/Administrator/index
INFO: [ route_check ] --START--
INFO: Run CheckRoute Behavior [ RunTime:0.001565s ]
INFO: [ route_check ] --END-- [ RunTime:0.001704s ]

[ 2012-10-10T12:47:07+08:00 ] 127.0.0.1 /cbox/index.php/admin/Administrator/getdata
INFO: [ route_check ] --START--
INFO: Run CheckRoute Behavior [ RunTime:0.001034s ]
INFO: [ route_check ] --END-- [ RunTime:0.001131s ]
INFO: [ app_begin ] --START--
INFO: Run ReadHtmlCache Behavior [ RunTime:-0.001147s ]
INFO: [ app_begin ] --END-- [ RunTime:0.000833s ]
SQL: SHOW COLUMNS FROM `administrators` [ RunTime:0.006799s ]
SQL: SELECT COUNT(*) AS tp_count FROM `administrators` LIMIT 1   [ RunTime:0.000495s ]
SQL: SELECT * FROM `administrators` LIMIT 0,10   [ RunTime:0.000337s ]

[ 2012-10-10T12:47:08+08:00 ] 127.0.0.1 /cbox/index.php/admin/Member/index
INFO: [ route_check ] --START--
INFO: Run CheckRoute Behavior [ RunTime:0.000984s ]
INFO: [ route_check ] --END-- [ RunTime:0.001076s ]

[ 2012-10-10T12:47:08+08:00 ] 127.0.0.1 /cbox/index.php/admin/Member/getdata
INFO: [ route_check ] --START--
INFO: Run CheckRoute Behavior [ RunTime:0.001038s ]
INFO: [ route_check ] --END-- [ RunTime:0.001134s ]
INFO: [ app_begin ] --START--
INFO: Run ReadHtmlCache Behavior [ RunTime:-0.001164s ]
INFO: [ app_begin ] --END-- [ RunTime:0.000821s ]
SQL: SHOW COLUMNS FROM `members` [ RunTime:0.004167s ]
SQL: SELECT COUNT(*) AS tp_count FROM `members` LIMIT 1   [ RunTime:0.000291s ]
SQL: SELECT * FROM `members` LIMIT 0,10   [ RunTime:0.000270s ]

[ 2012-10-10T12:47:09+08:00 ] 127.0.0.1 /cbox/index.php/admin/Message/index
INFO: [ route_check ] --START--
INFO: Run CheckRoute Behavior [ RunTime:0.001150s ]
INFO: [ route_check ] --END-- [ RunTime:0.001248s ]

[ 2012-10-10T12:47:09+08:00 ] ERR: (ThinkException) Table 'cbox_test.messages' doesn't exist
 [ SQL语句 ] : SHOW COLUMNS FROM `messages`
[ 2012-10-10T12:47:09+08:00 ] 127.0.0.1 /cbox/index.php/admin/Message/getdata
INFO: [ route_check ] --START--
INFO: Run CheckRoute Behavior [ RunTime:0.001541s ]
INFO: [ route_check ] --END-- [ RunTime:0.001691s ]
INFO: [ app_begin ] --START--
INFO: Run ReadHtmlCache Behavior [ RunTime:-0.001261s ]
INFO: [ app_begin ] --END-- [ RunTime:0.000814s ]
SQL: SHOW COLUMNS FROM `messages` [ RunTime:0.004300s ]
NOTIC: [8] Undefined index: class C:\Program Files\wamp\www\CBox\ThinkPHP\Lib\Core\ThinkException.class.php 第 63 行.
NOTIC: [8] Undefined index: type C:\Program Files\wamp\www\CBox\ThinkPHP\Lib\Core\ThinkException.class.php 第 63 行.
NOTIC: [8] Undefined index: class C:\Program Files\wamp\www\CBox\ThinkPHP\Lib\Core\ThinkException.class.php 第 63 行.
NOTIC: [8] Undefined index: type C:\Program Files\wamp\www\CBox\ThinkPHP\Lib\Core\ThinkException.class.php 第 63 行.
NOTIC: [8] Undefined index: class C:\Program Files\wamp\www\CBox\ThinkPHP\Lib\Core\ThinkException.class.php 第 63 行.
NOTIC: [8] Undefined index: type C:\Program Files\wamp\www\CBox\ThinkPHP\Lib\Core\ThinkException.class.php 第 63 行.
NOTIC: [8] Undefined index: file C:\Program Files\wamp\www\CBox\ThinkPHP\Lib\Core\ThinkException.class.php 第 62 行.
NOTIC: [8] Undefined index: line C:\Program Files\wamp\www\CBox\ThinkPHP\Lib\Core\ThinkException.class.php 第 62 行.
NOTIC: [4096] Object of class MessageAction could not be converted to string C:\Program Files\wamp\www\CBox\ThinkPHP\Lib\Core\ThinkException.class.php 第 64 行.
NOTIC: [8] Undefined index: class C:\Program Files\wamp\www\CBox\ThinkPHP\Lib\Core\ThinkException.class.php 第 63 行.
NOTIC: [8] Undefined index: type C:\Program Files\wamp\www\CBox\ThinkPHP\Lib\Core\ThinkException.class.php 第 63 行.
NOTIC: [8] Undefined index: class C:\Program Files\wamp\www\CBox\ThinkPHP\Lib\Core\ThinkException.class.php 第 63 行.
NOTIC: [8] Undefined index: type C:\Program Files\wamp\www\CBox\ThinkPHP\Lib\Core\ThinkException.class.php 第 63 行.

[ 2012-10-10T13:04:44+08:00 ] 127.0.0.1 /cbox/index.php/admin/Message/index
INFO: [ route_check ] --START--
INFO: Run CheckRoute Behavior [ RunTime:0.001715s ]
INFO: [ route_check ] --END-- [ RunTime:0.001810s ]

[ 2012-10-10T13:04:45+08:00 ] ERR: (ThinkException) Table 'cbox_test.messages' doesn't exist
 [ SQL语句 ] : SHOW COLUMNS FROM `messages`
[ 2012-10-10T13:04:45+08:00 ] 127.0.0.1 /cbox/index.php/admin/Message/getdata
INFO: [ route_check ] --START--
INFO: Run CheckRoute Behavior [ RunTime:0.000981s ]
INFO: [ route_check ] --END-- [ RunTime:0.001072s ]
INFO: [ app_begin ] --START--
INFO: Run ReadHtmlCache Behavior [ RunTime:-0.001108s ]
INFO: [ app_begin ] --END-- [ RunTime:0.000793s ]
SQL: SHOW COLUMNS FROM `messages` [ RunTime:0.004636s ]
NOTIC: [8] Undefined index: class C:\Program Files\wamp\www\CBox\ThinkPHP\Lib\Core\ThinkException.class.php 第 63 行.
NOTIC: [8] Undefined index: type C:\Program Files\wamp\www\CBox\ThinkPHP\Lib\Core\ThinkException.class.php 第 63 行.
NOTIC: [8] Undefined index: class C:\Program Files\wamp\www\CBox\ThinkPHP\Lib\Core\ThinkException.class.php 第 63 行.
NOTIC: [8] Undefined index: type C:\Program Files\wamp\www\CBox\ThinkPHP\Lib\Core\ThinkException.class.php 第 63 行.
NOTIC: [8] Undefined index: class C:\Program Files\wamp\www\CBox\ThinkPHP\Lib\Core\ThinkException.class.php 第 63 行.
NOTIC: [8] Undefined index: type C:\Program Files\wamp\www\CBox\ThinkPHP\Lib\Core\ThinkException.class.php 第 63 行.
NOTIC: [8] Undefined index: file C:\Program Files\wamp\www\CBox\ThinkPHP\Lib\Core\ThinkException.class.php 第 62 行.
NOTIC: [8] Undefined index: line C:\Program Files\wamp\www\CBox\ThinkPHP\Lib\Core\ThinkException.class.php 第 62 行.
NOTIC: [4096] Object of class MessageAction could not be converted to string C:\Program Files\wamp\www\CBox\ThinkPHP\Lib\Core\ThinkException.class.php 第 64 行.
NOTIC: [8] Undefined index: class C:\Program Files\wamp\www\CBox\ThinkPHP\Lib\Core\ThinkException.class.php 第 63 行.
NOTIC: [8] Undefined index: type C:\Program Files\wamp\www\CBox\ThinkPHP\Lib\Core\ThinkException.class.php 第 63 行.
NOTIC: [8] Undefined index: class C:\Program Files\wamp\www\CBox\ThinkPHP\Lib\Core\ThinkException.class.php 第 63 行.
NOTIC: [8] Undefined index: type C:\Program Files\wamp\www\CBox\ThinkPHP\Lib\Core\ThinkException.class.php 第 63 行.

[ 2012-10-10T13:04:45+08:00 ] 127.0.0.1 /cbox/index.php/admin/Message/add/
INFO: [ route_check ] --START--
INFO: Run CheckRoute Behavior [ RunTime:0.001041s ]
INFO: [ route_check ] --END-- [ RunTime:0.001136s ]

[ 2012-10-10T13:05:13+08:00 ] 127.0.0.1 /cbox/index.php/admin/Message/index
INFO: [ route_check ] --START--
INFO: Run CheckRoute Behavior [ RunTime:0.001801s ]
INFO: [ route_check ] --END-- [ RunTime:0.001899s ]

[ 2012-10-10T13:05:14+08:00 ] ERR: (ThinkException) Table 'cbox_test.messages' doesn't exist
 [ SQL语句 ] : SHOW COLUMNS FROM `messages`
[ 2012-10-10T13:05:14+08:00 ] 127.0.0.1 /cbox/index.php/admin/Message/getdata
INFO: [ route_check ] --START--
INFO: Run CheckRoute Behavior [ RunTime:0.000993s ]
INFO: [ route_check ] --END-- [ RunTime:0.001085s ]
INFO: [ app_begin ] --START--
INFO: Run ReadHtmlCache Behavior [ RunTime:-0.001113s ]
INFO: [ app_begin ] --END-- [ RunTime:0.001448s ]
SQL: SHOW COLUMNS FROM `messages` [ RunTime:0.004275s ]
NOTIC: [8] Undefined index: class C:\Program Files\wamp\www\CBox\ThinkPHP\Lib\Core\ThinkException.class.php 第 63 行.
NOTIC: [8] Undefined index: type C:\Program Files\wamp\www\CBox\ThinkPHP\Lib\Core\ThinkException.class.php 第 63 行.
NOTIC: [8] Undefined index: class C:\Program Files\wamp\www\CBox\ThinkPHP\Lib\Core\ThinkException.class.php 第 63 行.
NOTIC: [8] Undefined index: type C:\Program Files\wamp\www\CBox\ThinkPHP\Lib\Core\ThinkException.class.php 第 63 行.
NOTIC: [8] Undefined index: class C:\Program Files\wamp\www\CBox\ThinkPHP\Lib\Core\ThinkException.class.php 第 63 行.
NOTIC: [8] Undefined index: type C:\Program Files\wamp\www\CBox\ThinkPHP\Lib\Core\ThinkException.class.php 第 63 行.
NOTIC: [8] Undefined index: file C:\Program Files\wamp\www\CBox\ThinkPHP\Lib\Core\ThinkException.class.php 第 62 行.
NOTIC: [8] Undefined index: line C:\Program Files\wamp\www\CBox\ThinkPHP\Lib\Core\ThinkException.class.php 第 62 行.
NOTIC: [4096] Object of class MessageAction could not be converted to string C:\Program Files\wamp\www\CBox\ThinkPHP\Lib\Core\ThinkException.class.php 第 64 行.
NOTIC: [8] Undefined index: class C:\Program Files\wamp\www\CBox\ThinkPHP\Lib\Core\ThinkException.class.php 第 63 行.
NOTIC: [8] Undefined index: type C:\Program Files\wamp\www\CBox\ThinkPHP\Lib\Core\ThinkException.class.php 第 63 行.
NOTIC: [8] Undefined index: class C:\Program Files\wamp\www\CBox\ThinkPHP\Lib\Core\ThinkException.class.php 第 63 行.
NOTIC: [8] Undefined index: type C:\Program Files\wamp\www\CBox\ThinkPHP\Lib\Core\ThinkException.class.php 第 63 行.

[ 2012-10-10T13:05:15+08:00 ] 127.0.0.1 /cbox/index.php/admin/Message/add/
INFO: [ route_check ] --START--
INFO: Run CheckRoute Behavior [ RunTime:0.001333s ]
INFO: [ route_check ] --END-- [ RunTime:0.001434s ]

[ 2012-10-10T13:34:43+08:00 ] ERR: (ThinkException) 模板不存在[C:/Program Files/wamp/www/CBox/Tpl/admin/Card/index.html]
[ 2012-10-10T13:34:43+08:00 ] 127.0.0.1 /cbox/index.php/admin/Card/index
INFO: [ route_check ] --START--
INFO: Run CheckRoute Behavior [ RunTime:0.001770s ]
INFO: [ route_check ] --END-- [ RunTime:0.001861s ]

[ 2012-10-10T13:34:43+08:00 ] 127.0.0.1 /cbox/index.php/admin/Message/index
INFO: [ route_check ] --START--
INFO: Run CheckRoute Behavior [ RunTime:0.002290s ]
INFO: [ route_check ] --END-- [ RunTime:0.002455s ]

[ 2012-10-10T13:34:43+08:00 ] ERR: (ThinkException) Table 'cbox_test.messages' doesn't exist
 [ SQL语句 ] : SHOW COLUMNS FROM `messages`
[ 2012-10-10T13:34:43+08:00 ] 127.0.0.1 /cbox/index.php/admin/Message/getdata
INFO: [ route_check ] --START--
INFO: Run CheckRoute Behavior [ RunTime:0.001037s ]
INFO: [ route_check ] --END-- [ RunTime:0.001137s ]
INFO: [ app_begin ] --START--
INFO: Run ReadHtmlCache Behavior [ RunTime:-0.001220s ]
INFO: [ app_begin ] --END-- [ RunTime:0.000839s ]
SQL: SHOW COLUMNS FROM `messages` [ RunTime:0.006266s ]
NOTIC: [8] Undefined index: class C:\Program Files\wamp\www\CBox\ThinkPHP\Lib\Core\ThinkException.class.php 第 63 行.
NOTIC: [8] Undefined index: type C:\Program Files\wamp\www\CBox\ThinkPHP\Lib\Core\ThinkException.class.php 第 63 行.
NOTIC: [8] Undefined index: class C:\Program Files\wamp\www\CBox\ThinkPHP\Lib\Core\ThinkException.class.php 第 63 行.
NOTIC: [8] Undefined index: type C:\Program Files\wamp\www\CBox\ThinkPHP\Lib\Core\ThinkException.class.php 第 63 行.
NOTIC: [8] Undefined index: class C:\Program Files\wamp\www\CBox\ThinkPHP\Lib\Core\ThinkException.class.php 第 63 行.
NOTIC: [8] Undefined index: type C:\Program Files\wamp\www\CBox\ThinkPHP\Lib\Core\ThinkException.class.php 第 63 行.
NOTIC: [8] Undefined index: file C:\Program Files\wamp\www\CBox\ThinkPHP\Lib\Core\ThinkException.class.php 第 62 行.
NOTIC: [8] Undefined index: line C:\Program Files\wamp\www\CBox\ThinkPHP\Lib\Core\ThinkException.class.php 第 62 行.
NOTIC: [4096] Object of class MessageAction could not be converted to string C:\Program Files\wamp\www\CBox\ThinkPHP\Lib\Core\ThinkException.class.php 第 64 行.
NOTIC: [8] Undefined index: class C:\Program Files\wamp\www\CBox\ThinkPHP\Lib\Core\ThinkException.class.php 第 63 行.
NOTIC: [8] Undefined index: type C:\Program Files\wamp\www\CBox\ThinkPHP\Lib\Core\ThinkException.class.php 第 63 行.
NOTIC: [8] Undefined index: class C:\Program Files\wamp\www\CBox\ThinkPHP\Lib\Core\ThinkException.class.php 第 63 行.
NOTIC: [8] Undefined index: type C:\Program Files\wamp\www\CBox\ThinkPHP\Lib\Core\ThinkException.class.php 第 63 行.

[ 2012-10-10T13:34:44+08:00 ] 127.0.0.1 /cbox/index.php/admin/Member/index
INFO: [ route_check ] --START--
INFO: Run CheckRoute Behavior [ RunTime:0.001029s ]
INFO: [ route_check ] --END-- [ RunTime:0.001121s ]

[ 2012-10-10T13:34:44+08:00 ] 127.0.0.1 /cbox/index.php/admin/Member/getdata
INFO: [ route_check ] --START--
INFO: Run CheckRoute Behavior [ RunTime:0.001540s ]
INFO: [ route_check ] --END-- [ RunTime:0.001683s ]
INFO: [ app_begin ] --START--
INFO: Run ReadHtmlCache Behavior [ RunTime:-0.001903s ]
INFO: [ app_begin ] --END-- [ RunTime:0.001346s ]
SQL: SHOW COLUMNS FROM `members` [ RunTime:0.005692s ]
SQL: SELECT COUNT(*) AS tp_count FROM `members` LIMIT 1   [ RunTime:0.000412s ]
SQL: SELECT * FROM `members` LIMIT 0,10   [ RunTime:0.000455s ]

